[32mINFO[0m:     Will watch for changes in these directories: ['/Users/brandongaston/Downloads/medfax-app (4)/backend']
[32mINFO[0m:     Uvicorn running on [1mhttp://127.0.0.1:8000[0m (Press CTRL+C to quit)
[32mINFO[0m:     Started reloader process [[36m[1m3655[0m] using [36m[1mWatchFiles[0m
[32mINFO[0m:     Started server process [[36m3658[0m]
[32mINFO[0m:     Waiting for application startup.
[32mINFO[0m:     Application startup complete.
[32mINFO[0m:     127.0.0.1:49530 - "[1mGET / HTTP/1.1[0m" [32m200 OK[0m
[32mINFO[0m:     127.0.0.1:49533 - "[1mGET /register HTTP/1.1[0m" [32m200 OK[0m
[32mINFO[0m:     127.0.0.1:49532 - "[1mPOST /register HTTP/1.1[0m" [33m303 See Other[0m
[32mINFO[0m:     127.0.0.1:49532 - "[1mGET /consent/6 HTTP/1.1[0m" [32m200 OK[0m
[32mINFO[0m:     127.0.0.1:49538 - "[1mPOST /consent/6 HTTP/1.1[0m" [33m303 See Other[0m
[32mINFO[0m:     127.0.0.1:49538 - "[1mGET /providers/6 HTTP/1.1[0m" [32m200 OK[0m
[32mINFO[0m:     127.0.0.1:49538 - "[1mPOST /providers/6 HTTP/1.1[0m" [33m303 See Other[0m
[32mINFO[0m:     127.0.0.1:49538 - "[1mGET /status/2 HTTP/1.1[0m" [91m500 Internal Server Error[0m
[31mERROR[0m:    Exception in ASGI application
Traceback (most recent call last):
  File "/Users/brandongaston/Downloads/medfax-app (4)/backend/.venv/lib/python3.11/site-packages/uvicorn/protocols/http/httptools_impl.py", line 401, in run_asgi
    result = await app(  # type: ignore[func-returns-value]
             ^^^^^^^^^^^^^^^^^^^^^^^^^^^^^^^^^^^^^^^^^^^^^^
  File "/Users/brandongaston/Downloads/medfax-app (4)/backend/.venv/lib/python3.11/site-packages/uvicorn/middleware/proxy_headers.py", line 70, in __call__
    return await self.app(scope, receive, send)
           ^^^^^^^^^^^^^^^^^^^^^^^^^^^^^^^^^^^^
  File "/Users/brandongaston/Downloads/medfax-app (4)/backend/.venv/lib/python3.11/site-packages/fastapi/applications.py", line 1054, in __call__
    await super().__call__(scope, receive, send)
  File "/Users/brandongaston/Downloads/medfax-app (4)/backend/.venv/lib/python3.11/site-packages/starlette/applications.py", line 113, in __call__
    await self.middleware_stack(scope, receive, send)
  File "/Users/brandongaston/Downloads/medfax-app (4)/backend/.venv/lib/python3.11/site-packages/starlette/middleware/errors.py", line 187, in __call__
    raise exc
  File "/Users/brandongaston/Downloads/medfax-app (4)/backend/.venv/lib/python3.11/site-packages/starlette/middleware/errors.py", line 165, in __call__
    await self.app(scope, receive, _send)
  File "/Users/brandongaston/Downloads/medfax-app (4)/backend/.venv/lib/python3.11/site-packages/starlette/middleware/cors.py", line 85, in __call__
    await self.app(scope, receive, send)
  File "/Users/brandongaston/Downloads/medfax-app (4)/backend/.venv/lib/python3.11/site-packages/starlette/middleware/exceptions.py", line 62, in __call__
    await wrap_app_handling_exceptions(self.app, conn)(scope, receive, send)
  File "/Users/brandongaston/Downloads/medfax-app (4)/backend/.venv/lib/python3.11/site-packages/starlette/_exception_handler.py", line 62, in wrapped_app
    raise exc
  File "/Users/brandongaston/Downloads/medfax-app (4)/backend/.venv/lib/python3.11/site-packages/starlette/_exception_handler.py", line 51, in wrapped_app
    await app(scope, receive, sender)
  File "/Users/brandongaston/Downloads/medfax-app (4)/backend/.venv/lib/python3.11/site-packages/starlette/routing.py", line 715, in __call__
    await self.middleware_stack(scope, receive, send)
  File "/Users/brandongaston/Downloads/medfax-app (4)/backend/.venv/lib/python3.11/site-packages/starlette/routing.py", line 735, in app
    await route.handle(scope, receive, send)
  File "/Users/brandongaston/Downloads/medfax-app (4)/backend/.venv/lib/python3.11/site-packages/starlette/routing.py", line 288, in handle
    await self.app(scope, receive, send)
  File "/Users/brandongaston/Downloads/medfax-app (4)/backend/.venv/lib/python3.11/site-packages/starlette/routing.py", line 76, in app
    await wrap_app_handling_exceptions(app, request)(scope, receive, send)
  File "/Users/brandongaston/Downloads/medfax-app (4)/backend/.venv/lib/python3.11/site-packages/starlette/_exception_handler.py", line 62, in wrapped_app
    raise exc
  File "/Users/brandongaston/Downloads/medfax-app (4)/backend/.venv/lib/python3.11/site-packages/starlette/_exception_handler.py", line 51, in wrapped_app
    await app(scope, receive, sender)
  File "/Users/brandongaston/Downloads/medfax-app (4)/backend/.venv/lib/python3.11/site-packages/starlette/routing.py", line 73, in app
    response = await f(request)
               ^^^^^^^^^^^^^^^^
  File "/Users/brandongaston/Downloads/medfax-app (4)/backend/.venv/lib/python3.11/site-packages/fastapi/routing.py", line 301, in app
    raw_response = await run_endpoint_function(
                   ^^^^^^^^^^^^^^^^^^^^^^^^^^^^
  File "/Users/brandongaston/Downloads/medfax-app (4)/backend/.venv/lib/python3.11/site-packages/fastapi/routing.py", line 212, in run_endpoint_function
    return await dependant.call(**values)
           ^^^^^^^^^^^^^^^^^^^^^^^^^^^^^^
  File "/Users/brandongaston/Downloads/medfax-app (4)/backend/app/routers/web.py", line 47, in status_page
    return templates.TemplateResponse("status.html", {"request": request, "rr": rr, "prs": prs})
           ^^^^^^^^^^^^^^^^^^^^^^^^^^^^^^^^^^^^^^^^^^^^^^^^^^^^^^^^^^^^^^^^^^^^^^^^^^^^^^^^^^^^^
  File "/Users/brandongaston/Downloads/medfax-app (4)/backend/.venv/lib/python3.11/site-packages/starlette/templating.py", line 209, in TemplateResponse
    return _TemplateResponse(
           ^^^^^^^^^^^^^^^^^^
  File "/Users/brandongaston/Downloads/medfax-app (4)/backend/.venv/lib/python3.11/site-packages/starlette/templating.py", line 40, in __init__
    content = template.render(context)
              ^^^^^^^^^^^^^^^^^^^^^^^^
  File "/Users/brandongaston/Downloads/medfax-app (4)/backend/.venv/lib/python3.11/site-packages/jinja2/environment.py", line 1304, in render
    self.environment.handle_exception()
  File "/Users/brandongaston/Downloads/medfax-app (4)/backend/.venv/lib/python3.11/site-packages/jinja2/environment.py", line 939, in handle_exception
    raise rewrite_traceback_stack(source=source)
  File "app/templates/status.html", line 1, in top-level template code
    {% extends "base.html" %}
  File "app/templates/base.html", line 15, in top-level template code
    {% block content %}{% endblock %}
    ^^^^^^^^^^^^^^^^^^^^^^^^^
  File "app/templates/status.html", line 7, in block 'content'
    {% if rr and rr.patient %}
    ^^^^^^^^^^^^^^^^^^^^^^^^^
  File "/Users/brandongaston/Downloads/medfax-app (4)/backend/.venv/lib/python3.11/site-packages/jinja2/environment.py", line 487, in getattr
    return getattr(obj, attribute)
           ^^^^^^^^^^^^^^^^^^^^^^^
  File "/Users/brandongaston/Downloads/medfax-app (4)/backend/.venv/lib/python3.11/site-packages/sqlalchemy/orm/attributes.py", line 566, in __get__
    return self.impl.get(state, dict_)  # type: ignore[no-any-return]
           ^^^^^^^^^^^^^^^^^^^^^^^^^^^
  File "/Users/brandongaston/Downloads/medfax-app (4)/backend/.venv/lib/python3.11/site-packages/sqlalchemy/orm/attributes.py", line 1086, in get
    value = self._fire_loader_callables(state, key, passive)
            ^^^^^^^^^^^^^^^^^^^^^^^^^^^^^^^^^^^^^^^^^^^^^^^^
  File "/Users/brandongaston/Downloads/medfax-app (4)/backend/.venv/lib/python3.11/site-packages/sqlalchemy/orm/attributes.py", line 1121, in _fire_loader_callables
    return self.callable_(state, passive)
           ^^^^^^^^^^^^^^^^^^^^^^^^^^^^^^
  File "/Users/brandongaston/Downloads/medfax-app (4)/backend/.venv/lib/python3.11/site-packages/sqlalchemy/orm/strategies.py", line 967, in _load_for_state
    return self._emit_lazyload(
           ^^^^^^^^^^^^^^^^^^^^
  File "/Users/brandongaston/Downloads/medfax-app (4)/backend/.venv/lib/python3.11/site-packages/sqlalchemy/orm/strategies.py", line 1068, in _emit_lazyload
    return loading.load_on_pk_identity(
           ^^^^^^^^^^^^^^^^^^^^^^^^^^^^
  File "/Users/brandongaston/Downloads/medfax-app (4)/backend/.venv/lib/python3.11/site-packages/sqlalchemy/orm/loading.py", line 694, in load_on_pk_identity
    session.execute(
  File "/Users/brandongaston/Downloads/medfax-app (4)/backend/.venv/lib/python3.11/site-packages/sqlalchemy/orm/session.py", line 2362, in execute
    return self._execute_internal(
           ^^^^^^^^^^^^^^^^^^^^^^^
  File "/Users/brandongaston/Downloads/medfax-app (4)/backend/.venv/lib/python3.11/site-packages/sqlalchemy/orm/session.py", line 2247, in _execute_internal
    result: Result[Any] = compile_state_cls.orm_execute_statement(
                          ^^^^^^^^^^^^^^^^^^^^^^^^^^^^^^^^^^^^^^^^
  File "/Users/brandongaston/Downloads/medfax-app (4)/backend/.venv/lib/python3.11/site-packages/sqlalchemy/orm/context.py", line 305, in orm_execute_statement
    result = conn.execute(
             ^^^^^^^^^^^^^
  File "/Users/brandongaston/Downloads/medfax-app (4)/backend/.venv/lib/python3.11/site-packages/sqlalchemy/engine/base.py", line 1418, in execute
    return meth(
           ^^^^^
  File "/Users/brandongaston/Downloads/medfax-app (4)/backend/.venv/lib/python3.11/site-packages/sqlalchemy/sql/elements.py", line 515, in _execute_on_connection
    return connection._execute_clauseelement(
           ^^^^^^^^^^^^^^^^^^^^^^^^^^^^^^^^^^
  File "/Users/brandongaston/Downloads/medfax-app (4)/backend/.venv/lib/python3.11/site-packages/sqlalchemy/engine/base.py", line 1640, in _execute_clauseelement
    ret = self._execute_context(
          ^^^^^^^^^^^^^^^^^^^^^^
  File "/Users/brandongaston/Downloads/medfax-app (4)/backend/.venv/lib/python3.11/site-packages/sqlalchemy/engine/base.py", line 1846, in _execute_context
    return self._exec_single_context(
           ^^^^^^^^^^^^^^^^^^^^^^^^^^
  File "/Users/brandongaston/Downloads/medfax-app (4)/backend/.venv/lib/python3.11/site-packages/sqlalchemy/engine/base.py", line 1986, in _exec_single_context
    self._handle_dbapi_exception(
  File "/Users/brandongaston/Downloads/medfax-app (4)/backend/.venv/lib/python3.11/site-packages/sqlalchemy/engine/base.py", line 2358, in _handle_dbapi_exception
    raise exc_info[1].with_traceback(exc_info[2])
  File "/Users/brandongaston/Downloads/medfax-app (4)/backend/.venv/lib/python3.11/site-packages/sqlalchemy/engine/base.py", line 1967, in _exec_single_context
    self.dialect.do_execute(
  File "/Users/brandongaston/Downloads/medfax-app (4)/backend/.venv/lib/python3.11/site-packages/sqlalchemy/engine/default.py", line 941, in do_execute
    cursor.execute(statement, parameters)
  File "/Users/brandongaston/Downloads/medfax-app (4)/backend/.venv/lib/python3.11/site-packages/sqlalchemy/dialects/postgresql/asyncpg.py", line 572, in execute
    self._adapt_connection.await_(
  File "/Users/brandongaston/Downloads/medfax-app (4)/backend/.venv/lib/python3.11/site-packages/sqlalchemy/util/_concurrency_py3k.py", line 123, in await_only
    raise exc.MissingGreenlet(
sqlalchemy.exc.MissingGreenlet: greenlet_spawn has not been called; can't call await_only() here. Was IO attempted in an unexpected place? (Background on this error at: https://sqlalche.me/e/20/xd2s)
[33mWARNING[0m:  WatchFiles detected changes in 'app/routers/web.py'. Reloading...
[32mINFO[0m:     Shutting down
[32mINFO[0m:     Waiting for application shutdown.
[32mINFO[0m:     Application shutdown complete.
[32mINFO[0m:     Finished server process [[36m3658[0m]
[32mINFO[0m:     Started server process [[36m3858[0m]
[32mINFO[0m:     Waiting for application startup.
[32mINFO[0m:     Application startup complete.
[33mWARNING[0m:  WatchFiles detected changes in 'app/routers/web.py'. Reloading...
[32mINFO[0m:     Shutting down
[32mINFO[0m:     Waiting for application shutdown.
[32mINFO[0m:     Application shutdown complete.
[32mINFO[0m:     Finished server process [[36m3858[0m]
[32mINFO[0m:     Started server process [[36m3893[0m]
[32mINFO[0m:     Waiting for application startup.
[32mINFO[0m:     Application startup complete.
[33mWARNING[0m:  WatchFiles detected changes in 'app/routers/web.py'. Reloading...
[32mINFO[0m:     Shutting down
[32mINFO[0m:     Waiting for application shutdown.
[32mINFO[0m:     Application shutdown complete.
[32mINFO[0m:     Finished server process [[36m3893[0m]
[32mINFO[0m:     Started server process [[36m3913[0m]
[32mINFO[0m:     Waiting for application startup.
[32mINFO[0m:     Application startup complete.
