[32mINFO[0m:     Will watch for changes in these directories: ['/Users/brandongaston/Downloads/medfax-app (4)/backend']
[32mINFO[0m:     Uvicorn running on [1mhttp://127.0.0.1:8000[0m (Press CTRL+C to quit)
[32mINFO[0m:     Started reloader process [[36m[1m8164[0m] using [36m[1mWatchFiles[0m
Process SpawnProcess-1:
Traceback (most recent call last):
  File "/Library/Frameworks/Python.framework/Versions/3.11/lib/python3.11/multiprocessing/process.py", line 314, in _bootstrap
    self.run()
  File "/Library/Frameworks/Python.framework/Versions/3.11/lib/python3.11/multiprocessing/process.py", line 108, in run
    self._target(*self._args, **self._kwargs)
  File "/Users/brandongaston/Downloads/medfax-app (4)/backend/.venv/lib/python3.11/site-packages/uvicorn/_subprocess.py", line 80, in subprocess_started
    target(sockets=sockets)
  File "/Users/brandongaston/Downloads/medfax-app (4)/backend/.venv/lib/python3.11/site-packages/uvicorn/server.py", line 65, in run
    return asyncio.run(self.serve(sockets=sockets))
           ^^^^^^^^^^^^^^^^^^^^^^^^^^^^^^^^^^^^^^^^
  File "/Library/Frameworks/Python.framework/Versions/3.11/lib/python3.11/asyncio/runners.py", line 190, in run
    return runner.run(main)
           ^^^^^^^^^^^^^^^^
  File "/Library/Frameworks/Python.framework/Versions/3.11/lib/python3.11/asyncio/runners.py", line 118, in run
    return self._loop.run_until_complete(task)
           ^^^^^^^^^^^^^^^^^^^^^^^^^^^^^^^^^^^
  File "uvloop/loop.pyx", line 1518, in uvloop.loop.Loop.run_until_complete
  File "/Users/brandongaston/Downloads/medfax-app (4)/backend/.venv/lib/python3.11/site-packages/uvicorn/server.py", line 69, in serve
    await self._serve(sockets)
  File "/Users/brandongaston/Downloads/medfax-app (4)/backend/.venv/lib/python3.11/site-packages/uvicorn/server.py", line 76, in _serve
    config.load()
  File "/Users/brandongaston/Downloads/medfax-app (4)/backend/.venv/lib/python3.11/site-packages/uvicorn/config.py", line 434, in load
    self.loaded_app = import_from_string(self.app)
                      ^^^^^^^^^^^^^^^^^^^^^^^^^^^^
  File "/Users/brandongaston/Downloads/medfax-app (4)/backend/.venv/lib/python3.11/site-packages/uvicorn/importer.py", line 22, in import_from_string
    raise exc from None
  File "/Users/brandongaston/Downloads/medfax-app (4)/backend/.venv/lib/python3.11/site-packages/uvicorn/importer.py", line 19, in import_from_string
    module = importlib.import_module(module_str)
             ^^^^^^^^^^^^^^^^^^^^^^^^^^^^^^^^^^^
  File "/Library/Frameworks/Python.framework/Versions/3.11/lib/python3.11/importlib/__init__.py", line 126, in import_module
    return _bootstrap._gcd_import(name[level:], package, level)
           ^^^^^^^^^^^^^^^^^^^^^^^^^^^^^^^^^^^^^^^^^^^^^^^^^^^^
  File "<frozen importlib._bootstrap>", line 1204, in _gcd_import
  File "<frozen importlib._bootstrap>", line 1176, in _find_and_load
  File "<frozen importlib._bootstrap>", line 1147, in _find_and_load_unlocked
  File "<frozen importlib._bootstrap>", line 690, in _load_unlocked
  File "<frozen importlib._bootstrap_external>", line 940, in exec_module
  File "<frozen importlib._bootstrap>", line 241, in _call_with_frames_removed
  File "/Users/brandongaston/Downloads/medfax-app (4)/backend/app/main.py", line 11, in <module>
    from app.routers import web, portal, ifax
  File "/Users/brandongaston/Downloads/medfax-app (4)/backend/app/routers/web.py", line 24, in <module>
    from app.services.auth_service import generate_magic_link, verify_magic_link, send_magic_link_email
ModuleNotFoundError: No module named 'app.services.auth_service'
[33mWARNING[0m:  WatchFiles detected changes in 'app/services/auth_service.py'. Reloading...
Process SpawnProcess-2:
Traceback (most recent call last):
  File "/Library/Frameworks/Python.framework/Versions/3.11/lib/python3.11/multiprocessing/process.py", line 314, in _bootstrap
    self.run()
  File "/Library/Frameworks/Python.framework/Versions/3.11/lib/python3.11/multiprocessing/process.py", line 108, in run
    self._target(*self._args, **self._kwargs)
  File "/Users/brandongaston/Downloads/medfax-app (4)/backend/.venv/lib/python3.11/site-packages/uvicorn/_subprocess.py", line 80, in subprocess_started
    target(sockets=sockets)
  File "/Users/brandongaston/Downloads/medfax-app (4)/backend/.venv/lib/python3.11/site-packages/uvicorn/server.py", line 65, in run
    return asyncio.run(self.serve(sockets=sockets))
           ^^^^^^^^^^^^^^^^^^^^^^^^^^^^^^^^^^^^^^^^
  File "/Library/Frameworks/Python.framework/Versions/3.11/lib/python3.11/asyncio/runners.py", line 190, in run
    return runner.run(main)
           ^^^^^^^^^^^^^^^^
  File "/Library/Frameworks/Python.framework/Versions/3.11/lib/python3.11/asyncio/runners.py", line 118, in run
    return self._loop.run_until_complete(task)
           ^^^^^^^^^^^^^^^^^^^^^^^^^^^^^^^^^^^
  File "uvloop/loop.pyx", line 1518, in uvloop.loop.Loop.run_until_complete
  File "/Users/brandongaston/Downloads/medfax-app (4)/backend/.venv/lib/python3.11/site-packages/uvicorn/server.py", line 69, in serve
    await self._serve(sockets)
  File "/Users/brandongaston/Downloads/medfax-app (4)/backend/.venv/lib/python3.11/site-packages/uvicorn/server.py", line 76, in _serve
    config.load()
  File "/Users/brandongaston/Downloads/medfax-app (4)/backend/.venv/lib/python3.11/site-packages/uvicorn/config.py", line 434, in load
    self.loaded_app = import_from_string(self.app)
                      ^^^^^^^^^^^^^^^^^^^^^^^^^^^^
  File "/Users/brandongaston/Downloads/medfax-app (4)/backend/.venv/lib/python3.11/site-packages/uvicorn/importer.py", line 22, in import_from_string
    raise exc from None
  File "/Users/brandongaston/Downloads/medfax-app (4)/backend/.venv/lib/python3.11/site-packages/uvicorn/importer.py", line 19, in import_from_string
    module = importlib.import_module(module_str)
             ^^^^^^^^^^^^^^^^^^^^^^^^^^^^^^^^^^^
  File "/Library/Frameworks/Python.framework/Versions/3.11/lib/python3.11/importlib/__init__.py", line 126, in import_module
    return _bootstrap._gcd_import(name[level:], package, level)
           ^^^^^^^^^^^^^^^^^^^^^^^^^^^^^^^^^^^^^^^^^^^^^^^^^^^^
  File "<frozen importlib._bootstrap>", line 1204, in _gcd_import
  File "<frozen importlib._bootstrap>", line 1176, in _find_and_load
  File "<frozen importlib._bootstrap>", line 1147, in _find_and_load_unlocked
  File "<frozen importlib._bootstrap>", line 690, in _load_unlocked
  File "<frozen importlib._bootstrap_external>", line 940, in exec_module
  File "<frozen importlib._bootstrap>", line 241, in _call_with_frames_removed
  File "/Users/brandongaston/Downloads/medfax-app (4)/backend/app/main.py", line 11, in <module>
    from app.routers import web, portal, ifax
  File "/Users/brandongaston/Downloads/medfax-app (4)/backend/app/routers/web.py", line 25, in <module>
    from app.services.hospital_directory import search_hospitals, get_medicare_hospitals, validate_fax_number, \
ModuleNotFoundError: No module named 'app.services.hospital_directory'
[33mWARNING[0m:  WatchFiles detected changes in 'app/services/hospital_directory.py'. Reloading...
[32mINFO[0m:     Started server process [[36m8195[0m]
[32mINFO[0m:     Waiting for application startup.
[32mINFO[0m:     Application startup complete.
[32mINFO[0m:     127.0.0.1:51607 - "[1mGET / HTTP/1.1[0m" [32m200 OK[0m
[32mINFO[0m:     127.0.0.1:51608 - "[1mGET /register HTTP/1.1[0m" [32m200 OK[0m
[32mINFO[0m:     127.0.0.1:51610 - "[1mPOST /register HTTP/1.1[0m" [91m500 Internal Server Error[0m
[31mERROR[0m:    Exception in ASGI application
Traceback (most recent call last):
  File "/Users/brandongaston/Downloads/medfax-app (4)/backend/.venv/lib/python3.11/site-packages/uvicorn/protocols/http/httptools_impl.py", line 401, in run_asgi
    result = await app(  # type: ignore[func-returns-value]
             ^^^^^^^^^^^^^^^^^^^^^^^^^^^^^^^^^^^^^^^^^^^^^^
  File "/Users/brandongaston/Downloads/medfax-app (4)/backend/.venv/lib/python3.11/site-packages/uvicorn/middleware/proxy_headers.py", line 70, in __call__
    return await self.app(scope, receive, send)
           ^^^^^^^^^^^^^^^^^^^^^^^^^^^^^^^^^^^^
  File "/Users/brandongaston/Downloads/medfax-app (4)/backend/.venv/lib/python3.11/site-packages/fastapi/applications.py", line 1054, in __call__
    await super().__call__(scope, receive, send)
  File "/Users/brandongaston/Downloads/medfax-app (4)/backend/.venv/lib/python3.11/site-packages/starlette/applications.py", line 113, in __call__
    await self.middleware_stack(scope, receive, send)
  File "/Users/brandongaston/Downloads/medfax-app (4)/backend/.venv/lib/python3.11/site-packages/starlette/middleware/errors.py", line 187, in __call__
    raise exc
  File "/Users/brandongaston/Downloads/medfax-app (4)/backend/.venv/lib/python3.11/site-packages/starlette/middleware/errors.py", line 165, in __call__
    await self.app(scope, receive, _send)
  File "/Users/brandongaston/Downloads/medfax-app (4)/backend/.venv/lib/python3.11/site-packages/starlette/middleware/cors.py", line 93, in __call__
    await self.simple_response(scope, receive, send, request_headers=headers)
  File "/Users/brandongaston/Downloads/medfax-app (4)/backend/.venv/lib/python3.11/site-packages/starlette/middleware/cors.py", line 144, in simple_response
    await self.app(scope, receive, send)
  File "/Users/brandongaston/Downloads/medfax-app (4)/backend/.venv/lib/python3.11/site-packages/starlette/middleware/exceptions.py", line 62, in __call__
    await wrap_app_handling_exceptions(self.app, conn)(scope, receive, send)
  File "/Users/brandongaston/Downloads/medfax-app (4)/backend/.venv/lib/python3.11/site-packages/starlette/_exception_handler.py", line 62, in wrapped_app
    raise exc
  File "/Users/brandongaston/Downloads/medfax-app (4)/backend/.venv/lib/python3.11/site-packages/starlette/_exception_handler.py", line 51, in wrapped_app
    await app(scope, receive, sender)
  File "/Users/brandongaston/Downloads/medfax-app (4)/backend/.venv/lib/python3.11/site-packages/starlette/routing.py", line 715, in __call__
    await self.middleware_stack(scope, receive, send)
  File "/Users/brandongaston/Downloads/medfax-app (4)/backend/.venv/lib/python3.11/site-packages/starlette/routing.py", line 735, in app
    await route.handle(scope, receive, send)
  File "/Users/brandongaston/Downloads/medfax-app (4)/backend/.venv/lib/python3.11/site-packages/starlette/routing.py", line 288, in handle
    await self.app(scope, receive, send)
  File "/Users/brandongaston/Downloads/medfax-app (4)/backend/.venv/lib/python3.11/site-packages/starlette/routing.py", line 76, in app
    await wrap_app_handling_exceptions(app, request)(scope, receive, send)
  File "/Users/brandongaston/Downloads/medfax-app (4)/backend/.venv/lib/python3.11/site-packages/starlette/_exception_handler.py", line 62, in wrapped_app
    raise exc
  File "/Users/brandongaston/Downloads/medfax-app (4)/backend/.venv/lib/python3.11/site-packages/starlette/_exception_handler.py", line 51, in wrapped_app
    await app(scope, receive, sender)
  File "/Users/brandongaston/Downloads/medfax-app (4)/backend/.venv/lib/python3.11/site-packages/starlette/routing.py", line 73, in app
    response = await f(request)
               ^^^^^^^^^^^^^^^^
  File "/Users/brandongaston/Downloads/medfax-app (4)/backend/.venv/lib/python3.11/site-packages/fastapi/routing.py", line 301, in app
    raw_response = await run_endpoint_function(
                   ^^^^^^^^^^^^^^^^^^^^^^^^^^^^
  File "/Users/brandongaston/Downloads/medfax-app (4)/backend/.venv/lib/python3.11/site-packages/fastapi/routing.py", line 212, in run_endpoint_function
    return await dependant.call(**values)
           ^^^^^^^^^^^^^^^^^^^^^^^^^^^^^^
  File "/Users/brandongaston/Downloads/medfax-app (4)/backend/app/routers/web.py", line 150, in register_submit
    existing = result.scalar_one_or_none()
               ^^^^^^^^^^^^^^^^^^^^^^^^^^^
  File "/Users/brandongaston/Downloads/medfax-app (4)/backend/.venv/lib/python3.11/site-packages/sqlalchemy/engine/result.py", line 1487, in scalar_one_or_none
    return self._only_one_row(
           ^^^^^^^^^^^^^^^^^^^
  File "/Users/brandongaston/Downloads/medfax-app (4)/backend/.venv/lib/python3.11/site-packages/sqlalchemy/engine/result.py", line 805, in _only_one_row
    raise exc.MultipleResultsFound(
sqlalchemy.exc.MultipleResultsFound: Multiple rows were found when one or none was required
[32mINFO[0m:     127.0.0.1:51612 - "[1mGET / HTTP/1.1[0m" [32m200 OK[0m
[32mINFO[0m:     127.0.0.1:51612 - "[1mGET /login HTTP/1.1[0m" [32m200 OK[0m
[32mINFO[0m:     127.0.0.1:51614 - "[1mPOST /login HTTP/1.1[0m" [91m500 Internal Server Error[0m
[31mERROR[0m:    Exception in ASGI application
Traceback (most recent call last):
  File "/Users/brandongaston/Downloads/medfax-app (4)/backend/.venv/lib/python3.11/site-packages/uvicorn/protocols/http/httptools_impl.py", line 401, in run_asgi
    result = await app(  # type: ignore[func-returns-value]
             ^^^^^^^^^^^^^^^^^^^^^^^^^^^^^^^^^^^^^^^^^^^^^^
  File "/Users/brandongaston/Downloads/medfax-app (4)/backend/.venv/lib/python3.11/site-packages/uvicorn/middleware/proxy_headers.py", line 70, in __call__
    return await self.app(scope, receive, send)
           ^^^^^^^^^^^^^^^^^^^^^^^^^^^^^^^^^^^^
  File "/Users/brandongaston/Downloads/medfax-app (4)/backend/.venv/lib/python3.11/site-packages/fastapi/applications.py", line 1054, in __call__
    await super().__call__(scope, receive, send)
  File "/Users/brandongaston/Downloads/medfax-app (4)/backend/.venv/lib/python3.11/site-packages/starlette/applications.py", line 113, in __call__
    await self.middleware_stack(scope, receive, send)
  File "/Users/brandongaston/Downloads/medfax-app (4)/backend/.venv/lib/python3.11/site-packages/starlette/middleware/errors.py", line 187, in __call__
    raise exc
  File "/Users/brandongaston/Downloads/medfax-app (4)/backend/.venv/lib/python3.11/site-packages/starlette/middleware/errors.py", line 165, in __call__
    await self.app(scope, receive, _send)
  File "/Users/brandongaston/Downloads/medfax-app (4)/backend/.venv/lib/python3.11/site-packages/starlette/middleware/cors.py", line 93, in __call__
    await self.simple_response(scope, receive, send, request_headers=headers)
  File "/Users/brandongaston/Downloads/medfax-app (4)/backend/.venv/lib/python3.11/site-packages/starlette/middleware/cors.py", line 144, in simple_response
    await self.app(scope, receive, send)
  File "/Users/brandongaston/Downloads/medfax-app (4)/backend/.venv/lib/python3.11/site-packages/starlette/middleware/exceptions.py", line 62, in __call__
    await wrap_app_handling_exceptions(self.app, conn)(scope, receive, send)
  File "/Users/brandongaston/Downloads/medfax-app (4)/backend/.venv/lib/python3.11/site-packages/starlette/_exception_handler.py", line 62, in wrapped_app
    raise exc
  File "/Users/brandongaston/Downloads/medfax-app (4)/backend/.venv/lib/python3.11/site-packages/starlette/_exception_handler.py", line 51, in wrapped_app
    await app(scope, receive, sender)
  File "/Users/brandongaston/Downloads/medfax-app (4)/backend/.venv/lib/python3.11/site-packages/starlette/routing.py", line 715, in __call__
    await self.middleware_stack(scope, receive, send)
  File "/Users/brandongaston/Downloads/medfax-app (4)/backend/.venv/lib/python3.11/site-packages/starlette/routing.py", line 735, in app
    await route.handle(scope, receive, send)
  File "/Users/brandongaston/Downloads/medfax-app (4)/backend/.venv/lib/python3.11/site-packages/starlette/routing.py", line 288, in handle
    await self.app(scope, receive, send)
  File "/Users/brandongaston/Downloads/medfax-app (4)/backend/.venv/lib/python3.11/site-packages/starlette/routing.py", line 76, in app
    await wrap_app_handling_exceptions(app, request)(scope, receive, send)
  File "/Users/brandongaston/Downloads/medfax-app (4)/backend/.venv/lib/python3.11/site-packages/starlette/_exception_handler.py", line 62, in wrapped_app
    raise exc
  File "/Users/brandongaston/Downloads/medfax-app (4)/backend/.venv/lib/python3.11/site-packages/starlette/_exception_handler.py", line 51, in wrapped_app
    await app(scope, receive, sender)
  File "/Users/brandongaston/Downloads/medfax-app (4)/backend/.venv/lib/python3.11/site-packages/starlette/routing.py", line 73, in app
    response = await f(request)
               ^^^^^^^^^^^^^^^^
  File "/Users/brandongaston/Downloads/medfax-app (4)/backend/.venv/lib/python3.11/site-packages/fastapi/routing.py", line 301, in app
    raw_response = await run_endpoint_function(
                   ^^^^^^^^^^^^^^^^^^^^^^^^^^^^
  File "/Users/brandongaston/Downloads/medfax-app (4)/backend/.venv/lib/python3.11/site-packages/fastapi/routing.py", line 212, in run_endpoint_function
    return await dependant.call(**values)
           ^^^^^^^^^^^^^^^^^^^^^^^^^^^^^^
  File "/Users/brandongaston/Downloads/medfax-app (4)/backend/app/routers/web.py", line 75, in login_submit
    patient = result.scalar_one_or_none()
              ^^^^^^^^^^^^^^^^^^^^^^^^^^^
  File "/Users/brandongaston/Downloads/medfax-app (4)/backend/.venv/lib/python3.11/site-packages/sqlalchemy/engine/result.py", line 1487, in scalar_one_or_none
    return self._only_one_row(
           ^^^^^^^^^^^^^^^^^^^
  File "/Users/brandongaston/Downloads/medfax-app (4)/backend/.venv/lib/python3.11/site-packages/sqlalchemy/engine/result.py", line 805, in _only_one_row
    raise exc.MultipleResultsFound(
sqlalchemy.exc.MultipleResultsFound: Multiple rows were found when one or none was required
[33mWARNING[0m:  WatchFiles detected changes in 'app/routers/web.py'. Reloading...
[32mINFO[0m:     Shutting down
[32mINFO[0m:     Waiting for application shutdown.
[32mINFO[0m:     Application shutdown complete.
[32mINFO[0m:     Finished server process [[36m8195[0m]
Process SpawnProcess-4:
Traceback (most recent call last):
  File "/Library/Frameworks/Python.framework/Versions/3.11/lib/python3.11/multiprocessing/process.py", line 314, in _bootstrap
    self.run()
  File "/Library/Frameworks/Python.framework/Versions/3.11/lib/python3.11/multiprocessing/process.py", line 108, in run
    self._target(*self._args, **self._kwargs)
  File "/Users/brandongaston/Downloads/medfax-app (4)/backend/.venv/lib/python3.11/site-packages/uvicorn/_subprocess.py", line 80, in subprocess_started
    target(sockets=sockets)
  File "/Users/brandongaston/Downloads/medfax-app (4)/backend/.venv/lib/python3.11/site-packages/uvicorn/server.py", line 65, in run
    return asyncio.run(self.serve(sockets=sockets))
           ^^^^^^^^^^^^^^^^^^^^^^^^^^^^^^^^^^^^^^^^
  File "/Library/Frameworks/Python.framework/Versions/3.11/lib/python3.11/asyncio/runners.py", line 190, in run
    return runner.run(main)
           ^^^^^^^^^^^^^^^^
  File "/Library/Frameworks/Python.framework/Versions/3.11/lib/python3.11/asyncio/runners.py", line 118, in run
    return self._loop.run_until_complete(task)
           ^^^^^^^^^^^^^^^^^^^^^^^^^^^^^^^^^^^
  File "uvloop/loop.pyx", line 1518, in uvloop.loop.Loop.run_until_complete
  File "/Users/brandongaston/Downloads/medfax-app (4)/backend/.venv/lib/python3.11/site-packages/uvicorn/server.py", line 69, in serve
    await self._serve(sockets)
  File "/Users/brandongaston/Downloads/medfax-app (4)/backend/.venv/lib/python3.11/site-packages/uvicorn/server.py", line 76, in _serve
    config.load()
  File "/Users/brandongaston/Downloads/medfax-app (4)/backend/.venv/lib/python3.11/site-packages/uvicorn/config.py", line 434, in load
    self.loaded_app = import_from_string(self.app)
                      ^^^^^^^^^^^^^^^^^^^^^^^^^^^^
  File "/Users/brandongaston/Downloads/medfax-app (4)/backend/.venv/lib/python3.11/site-packages/uvicorn/importer.py", line 19, in import_from_string
    module = importlib.import_module(module_str)
             ^^^^^^^^^^^^^^^^^^^^^^^^^^^^^^^^^^^
  File "/Library/Frameworks/Python.framework/Versions/3.11/lib/python3.11/importlib/__init__.py", line 126, in import_module
    return _bootstrap._gcd_import(name[level:], package, level)
           ^^^^^^^^^^^^^^^^^^^^^^^^^^^^^^^^^^^^^^^^^^^^^^^^^^^^
  File "<frozen importlib._bootstrap>", line 1204, in _gcd_import
  File "<frozen importlib._bootstrap>", line 1176, in _find_and_load
  File "<frozen importlib._bootstrap>", line 1147, in _find_and_load_unlocked
  File "<frozen importlib._bootstrap>", line 690, in _load_unlocked
  File "<frozen importlib._bootstrap_external>", line 940, in exec_module
  File "<frozen importlib._bootstrap>", line 241, in _call_with_frames_removed
  File "/Users/brandongaston/Downloads/medfax-app (4)/backend/app/main.py", line 33, in <module>
    app.include_router(web.router, tags=["Web"])
                       ^^^^^^^^^^
AttributeError: module 'app.routers.web' has no attribute 'router'
[33mWARNING[0m:  WatchFiles detected changes in 'app/routers/web.py'. Reloading...
Process SpawnProcess-5:
Traceback (most recent call last):
  File "/Library/Frameworks/Python.framework/Versions/3.11/lib/python3.11/multiprocessing/process.py", line 314, in _bootstrap
    self.run()
  File "/Library/Frameworks/Python.framework/Versions/3.11/lib/python3.11/multiprocessing/process.py", line 108, in run
    self._target(*self._args, **self._kwargs)
  File "/Users/brandongaston/Downloads/medfax-app (4)/backend/.venv/lib/python3.11/site-packages/uvicorn/_subprocess.py", line 80, in subprocess_started
    target(sockets=sockets)
  File "/Users/brandongaston/Downloads/medfax-app (4)/backend/.venv/lib/python3.11/site-packages/uvicorn/server.py", line 65, in run
    return asyncio.run(self.serve(sockets=sockets))
           ^^^^^^^^^^^^^^^^^^^^^^^^^^^^^^^^^^^^^^^^
  File "/Library/Frameworks/Python.framework/Versions/3.11/lib/python3.11/asyncio/runners.py", line 190, in run
    return runner.run(main)
           ^^^^^^^^^^^^^^^^
  File "/Library/Frameworks/Python.framework/Versions/3.11/lib/python3.11/asyncio/runners.py", line 118, in run
    return self._loop.run_until_complete(task)
           ^^^^^^^^^^^^^^^^^^^^^^^^^^^^^^^^^^^
  File "uvloop/loop.pyx", line 1518, in uvloop.loop.Loop.run_until_complete
  File "/Users/brandongaston/Downloads/medfax-app (4)/backend/.venv/lib/python3.11/site-packages/uvicorn/server.py", line 69, in serve
    await self._serve(sockets)
  File "/Users/brandongaston/Downloads/medfax-app (4)/backend/.venv/lib/python3.11/site-packages/uvicorn/server.py", line 76, in _serve
    config.load()
  File "/Users/brandongaston/Downloads/medfax-app (4)/backend/.venv/lib/python3.11/site-packages/uvicorn/config.py", line 434, in load
    self.loaded_app = import_from_string(self.app)
                      ^^^^^^^^^^^^^^^^^^^^^^^^^^^^
  File "/Users/brandongaston/Downloads/medfax-app (4)/backend/.venv/lib/python3.11/site-packages/uvicorn/importer.py", line 19, in import_from_string
    module = importlib.import_module(module_str)
             ^^^^^^^^^^^^^^^^^^^^^^^^^^^^^^^^^^^
  File "/Library/Frameworks/Python.framework/Versions/3.11/lib/python3.11/importlib/__init__.py", line 126, in import_module
    return _bootstrap._gcd_import(name[level:], package, level)
           ^^^^^^^^^^^^^^^^^^^^^^^^^^^^^^^^^^^^^^^^^^^^^^^^^^^^
  File "<frozen importlib._bootstrap>", line 1204, in _gcd_import
  File "<frozen importlib._bootstrap>", line 1176, in _find_and_load
  File "<frozen importlib._bootstrap>", line 1147, in _find_and_load_unlocked
  File "<frozen importlib._bootstrap>", line 690, in _load_unlocked
  File "<frozen importlib._bootstrap_external>", line 940, in exec_module
  File "<frozen importlib._bootstrap>", line 241, in _call_with_frames_removed
  File "/Users/brandongaston/Downloads/medfax-app (4)/backend/app/main.py", line 11, in <module>
    from app.routers import web, portal, ifax
  File "/Users/brandongaston/Downloads/medfax-app (4)/backend/app/routers/web.py", line 1
    ===== app/routers/web.py =====
    ^^
SyntaxError: invalid syntax
[33mWARNING[0m:  WatchFiles detected changes in 'app/routers/portal.py'. Reloading...
Process SpawnProcess-6:
Traceback (most recent call last):
  File "/Library/Frameworks/Python.framework/Versions/3.11/lib/python3.11/multiprocessing/process.py", line 314, in _bootstrap
    self.run()
  File "/Library/Frameworks/Python.framework/Versions/3.11/lib/python3.11/multiprocessing/process.py", line 108, in run
    self._target(*self._args, **self._kwargs)
  File "/Users/brandongaston/Downloads/medfax-app (4)/backend/.venv/lib/python3.11/site-packages/uvicorn/_subprocess.py", line 80, in subprocess_started
    target(sockets=sockets)
  File "/Users/brandongaston/Downloads/medfax-app (4)/backend/.venv/lib/python3.11/site-packages/uvicorn/server.py", line 65, in run
    return asyncio.run(self.serve(sockets=sockets))
           ^^^^^^^^^^^^^^^^^^^^^^^^^^^^^^^^^^^^^^^^
  File "/Library/Frameworks/Python.framework/Versions/3.11/lib/python3.11/asyncio/runners.py", line 190, in run
    return runner.run(main)
           ^^^^^^^^^^^^^^^^
  File "/Library/Frameworks/Python.framework/Versions/3.11/lib/python3.11/asyncio/runners.py", line 118, in run
    return self._loop.run_until_complete(task)
           ^^^^^^^^^^^^^^^^^^^^^^^^^^^^^^^^^^^
  File "uvloop/loop.pyx", line 1518, in uvloop.loop.Loop.run_until_complete
  File "/Users/brandongaston/Downloads/medfax-app (4)/backend/.venv/lib/python3.11/site-packages/uvicorn/server.py", line 69, in serve
    await self._serve(sockets)
  File "/Users/brandongaston/Downloads/medfax-app (4)/backend/.venv/lib/python3.11/site-packages/uvicorn/server.py", line 76, in _serve
    config.load()
  File "/Users/brandongaston/Downloads/medfax-app (4)/backend/.venv/lib/python3.11/site-packages/uvicorn/config.py", line 434, in load
    self.loaded_app = import_from_string(self.app)
                      ^^^^^^^^^^^^^^^^^^^^^^^^^^^^
  File "/Users/brandongaston/Downloads/medfax-app (4)/backend/.venv/lib/python3.11/site-packages/uvicorn/importer.py", line 19, in import_from_string
    module = importlib.import_module(module_str)
             ^^^^^^^^^^^^^^^^^^^^^^^^^^^^^^^^^^^
  File "/Library/Frameworks/Python.framework/Versions/3.11/lib/python3.11/importlib/__init__.py", line 126, in import_module
    return _bootstrap._gcd_import(name[level:], package, level)
           ^^^^^^^^^^^^^^^^^^^^^^^^^^^^^^^^^^^^^^^^^^^^^^^^^^^^
  File "<frozen importlib._bootstrap>", line 1204, in _gcd_import
  File "<frozen importlib._bootstrap>", line 1176, in _find_and_load
  File "<frozen importlib._bootstrap>", line 1147, in _find_and_load_unlocked
  File "<frozen importlib._bootstrap>", line 690, in _load_unlocked
  File "<frozen importlib._bootstrap_external>", line 940, in exec_module
  File "<frozen importlib._bootstrap>", line 241, in _call_with_frames_removed
  File "/Users/brandongaston/Downloads/medfax-app (4)/backend/app/main.py", line 11, in <module>
    from app.routers import web, portal, ifax
  File "/Users/brandongaston/Downloads/medfax-app (4)/backend/app/routers/web.py", line 1
    ===== app/routers/web.py =====
    ^^
SyntaxError: invalid syntax
[33mWARNING[0m:  WatchFiles detected changes in 'app/routers/ifax.py'. Reloading...
Process SpawnProcess-7:
Traceback (most recent call last):
  File "/Library/Frameworks/Python.framework/Versions/3.11/lib/python3.11/multiprocessing/process.py", line 314, in _bootstrap
    self.run()
  File "/Library/Frameworks/Python.framework/Versions/3.11/lib/python3.11/multiprocessing/process.py", line 108, in run
    self._target(*self._args, **self._kwargs)
  File "/Users/brandongaston/Downloads/medfax-app (4)/backend/.venv/lib/python3.11/site-packages/uvicorn/_subprocess.py", line 80, in subprocess_started
    target(sockets=sockets)
  File "/Users/brandongaston/Downloads/medfax-app (4)/backend/.venv/lib/python3.11/site-packages/uvicorn/server.py", line 65, in run
    return asyncio.run(self.serve(sockets=sockets))
           ^^^^^^^^^^^^^^^^^^^^^^^^^^^^^^^^^^^^^^^^
  File "/Library/Frameworks/Python.framework/Versions/3.11/lib/python3.11/asyncio/runners.py", line 190, in run
    return runner.run(main)
           ^^^^^^^^^^^^^^^^
  File "/Library/Frameworks/Python.framework/Versions/3.11/lib/python3.11/asyncio/runners.py", line 118, in run
    return self._loop.run_until_complete(task)
           ^^^^^^^^^^^^^^^^^^^^^^^^^^^^^^^^^^^
  File "uvloop/loop.pyx", line 1518, in uvloop.loop.Loop.run_until_complete
  File "/Users/brandongaston/Downloads/medfax-app (4)/backend/.venv/lib/python3.11/site-packages/uvicorn/server.py", line 69, in serve
    await self._serve(sockets)
  File "/Users/brandongaston/Downloads/medfax-app (4)/backend/.venv/lib/python3.11/site-packages/uvicorn/server.py", line 76, in _serve
    config.load()
  File "/Users/brandongaston/Downloads/medfax-app (4)/backend/.venv/lib/python3.11/site-packages/uvicorn/config.py", line 434, in load
    self.loaded_app = import_from_string(self.app)
                      ^^^^^^^^^^^^^^^^^^^^^^^^^^^^
  File "/Users/brandongaston/Downloads/medfax-app (4)/backend/.venv/lib/python3.11/site-packages/uvicorn/importer.py", line 19, in import_from_string
    module = importlib.import_module(module_str)
             ^^^^^^^^^^^^^^^^^^^^^^^^^^^^^^^^^^^
  File "/Library/Frameworks/Python.framework/Versions/3.11/lib/python3.11/importlib/__init__.py", line 126, in import_module
    return _bootstrap._gcd_import(name[level:], package, level)
           ^^^^^^^^^^^^^^^^^^^^^^^^^^^^^^^^^^^^^^^^^^^^^^^^^^^^
  File "<frozen importlib._bootstrap>", line 1204, in _gcd_import
  File "<frozen importlib._bootstrap>", line 1176, in _find_and_load
  File "<frozen importlib._bootstrap>", line 1147, in _find_and_load_unlocked
  File "<frozen importlib._bootstrap>", line 690, in _load_unlocked
  File "<frozen importlib._bootstrap_external>", line 940, in exec_module
  File "<frozen importlib._bootstrap>", line 241, in _call_with_frames_removed
  File "/Users/brandongaston/Downloads/medfax-app (4)/backend/app/main.py", line 11, in <module>
    from app.routers import web, portal, ifax
  File "/Users/brandongaston/Downloads/medfax-app (4)/backend/app/routers/web.py", line 1
    ===== app/routers/web.py =====
    ^^
SyntaxError: invalid syntax
[33mWARNING[0m:  WatchFiles detected changes in 'app/routers/providers.py'. Reloading...
Process SpawnProcess-8:
Traceback (most recent call last):
  File "/Library/Frameworks/Python.framework/Versions/3.11/lib/python3.11/multiprocessing/process.py", line 314, in _bootstrap
    self.run()
  File "/Library/Frameworks/Python.framework/Versions/3.11/lib/python3.11/multiprocessing/process.py", line 108, in run
    self._target(*self._args, **self._kwargs)
  File "/Users/brandongaston/Downloads/medfax-app (4)/backend/.venv/lib/python3.11/site-packages/uvicorn/_subprocess.py", line 80, in subprocess_started
    target(sockets=sockets)
  File "/Users/brandongaston/Downloads/medfax-app (4)/backend/.venv/lib/python3.11/site-packages/uvicorn/server.py", line 65, in run
    return asyncio.run(self.serve(sockets=sockets))
           ^^^^^^^^^^^^^^^^^^^^^^^^^^^^^^^^^^^^^^^^
  File "/Library/Frameworks/Python.framework/Versions/3.11/lib/python3.11/asyncio/runners.py", line 190, in run
    return runner.run(main)
           ^^^^^^^^^^^^^^^^
  File "/Library/Frameworks/Python.framework/Versions/3.11/lib/python3.11/asyncio/runners.py", line 118, in run
    return self._loop.run_until_complete(task)
           ^^^^^^^^^^^^^^^^^^^^^^^^^^^^^^^^^^^
  File "uvloop/loop.pyx", line 1518, in uvloop.loop.Loop.run_until_complete
  File "/Users/brandongaston/Downloads/medfax-app (4)/backend/.venv/lib/python3.11/site-packages/uvicorn/server.py", line 69, in serve
    await self._serve(sockets)
  File "/Users/brandongaston/Downloads/medfax-app (4)/backend/.venv/lib/python3.11/site-packages/uvicorn/server.py", line 76, in _serve
    config.load()
  File "/Users/brandongaston/Downloads/medfax-app (4)/backend/.venv/lib/python3.11/site-packages/uvicorn/config.py", line 434, in load
    self.loaded_app = import_from_string(self.app)
                      ^^^^^^^^^^^^^^^^^^^^^^^^^^^^
  File "/Users/brandongaston/Downloads/medfax-app (4)/backend/.venv/lib/python3.11/site-packages/uvicorn/importer.py", line 19, in import_from_string
    module = importlib.import_module(module_str)
             ^^^^^^^^^^^^^^^^^^^^^^^^^^^^^^^^^^^
  File "/Library/Frameworks/Python.framework/Versions/3.11/lib/python3.11/importlib/__init__.py", line 126, in import_module
    return _bootstrap._gcd_import(name[level:], package, level)
           ^^^^^^^^^^^^^^^^^^^^^^^^^^^^^^^^^^^^^^^^^^^^^^^^^^^^
  File "<frozen importlib._bootstrap>", line 1204, in _gcd_import
  File "<frozen importlib._bootstrap>", line 1176, in _find_and_load
  File "<frozen importlib._bootstrap>", line 1147, in _find_and_load_unlocked
  File "<frozen importlib._bootstrap>", line 690, in _load_unlocked
  File "<frozen importlib._bootstrap_external>", line 940, in exec_module
  File "<frozen importlib._bootstrap>", line 241, in _call_with_frames_removed
  File "/Users/brandongaston/Downloads/medfax-app (4)/backend/app/main.py", line 11, in <module>
    from app.routers import web, portal, ifax
  File "/Users/brandongaston/Downloads/medfax-app (4)/backend/app/routers/web.py", line 1
    ===== app/routers/web.py =====
    ^^
SyntaxError: invalid syntax
[33mWARNING[0m:  WatchFiles detected changes in 'app/routers/web.py'. Reloading...
Process SpawnProcess-9:
Traceback (most recent call last):
  File "/Library/Frameworks/Python.framework/Versions/3.11/lib/python3.11/multiprocessing/process.py", line 314, in _bootstrap
    self.run()
  File "/Library/Frameworks/Python.framework/Versions/3.11/lib/python3.11/multiprocessing/process.py", line 108, in run
    self._target(*self._args, **self._kwargs)
  File "/Users/brandongaston/Downloads/medfax-app (4)/backend/.venv/lib/python3.11/site-packages/uvicorn/_subprocess.py", line 80, in subprocess_started
    target(sockets=sockets)
  File "/Users/brandongaston/Downloads/medfax-app (4)/backend/.venv/lib/python3.11/site-packages/uvicorn/server.py", line 65, in run
    return asyncio.run(self.serve(sockets=sockets))
           ^^^^^^^^^^^^^^^^^^^^^^^^^^^^^^^^^^^^^^^^
  File "/Library/Frameworks/Python.framework/Versions/3.11/lib/python3.11/asyncio/runners.py", line 190, in run
    return runner.run(main)
           ^^^^^^^^^^^^^^^^
  File "/Library/Frameworks/Python.framework/Versions/3.11/lib/python3.11/asyncio/runners.py", line 118, in run
    return self._loop.run_until_complete(task)
           ^^^^^^^^^^^^^^^^^^^^^^^^^^^^^^^^^^^
  File "uvloop/loop.pyx", line 1518, in uvloop.loop.Loop.run_until_complete
  File "/Users/brandongaston/Downloads/medfax-app (4)/backend/.venv/lib/python3.11/site-packages/uvicorn/server.py", line 69, in serve
    await self._serve(sockets)
  File "/Users/brandongaston/Downloads/medfax-app (4)/backend/.venv/lib/python3.11/site-packages/uvicorn/server.py", line 76, in _serve
    config.load()
  File "/Users/brandongaston/Downloads/medfax-app (4)/backend/.venv/lib/python3.11/site-packages/uvicorn/config.py", line 434, in load
    self.loaded_app = import_from_string(self.app)
                      ^^^^^^^^^^^^^^^^^^^^^^^^^^^^
  File "/Users/brandongaston/Downloads/medfax-app (4)/backend/.venv/lib/python3.11/site-packages/uvicorn/importer.py", line 19, in import_from_string
    module = importlib.import_module(module_str)
             ^^^^^^^^^^^^^^^^^^^^^^^^^^^^^^^^^^^
  File "/Library/Frameworks/Python.framework/Versions/3.11/lib/python3.11/importlib/__init__.py", line 126, in import_module
    return _bootstrap._gcd_import(name[level:], package, level)
           ^^^^^^^^^^^^^^^^^^^^^^^^^^^^^^^^^^^^^^^^^^^^^^^^^^^^
  File "<frozen importlib._bootstrap>", line 1204, in _gcd_import
  File "<frozen importlib._bootstrap>", line 1176, in _find_and_load
  File "<frozen importlib._bootstrap>", line 1147, in _find_and_load_unlocked
  File "<frozen importlib._bootstrap>", line 690, in _load_unlocked
  File "<frozen importlib._bootstrap_external>", line 940, in exec_module
  File "<frozen importlib._bootstrap>", line 241, in _call_with_frames_removed
  File "/Users/brandongaston/Downloads/medfax-app (4)/backend/app/main.py", line 11, in <module>
    from app.routers import web, portal, ifax
  File "/Users/brandongaston/Downloads/medfax-app (4)/backend/app/routers/portal.py", line 1
    ===== app/routers/portal.py =====
    ^^
SyntaxError: invalid syntax
[33mWARNING[0m:  WatchFiles detected changes in 'app/routers/web.py'. Reloading...
Process SpawnProcess-10:
Traceback (most recent call last):
  File "/Library/Frameworks/Python.framework/Versions/3.11/lib/python3.11/multiprocessing/process.py", line 314, in _bootstrap
    self.run()
  File "/Library/Frameworks/Python.framework/Versions/3.11/lib/python3.11/multiprocessing/process.py", line 108, in run
    self._target(*self._args, **self._kwargs)
  File "/Users/brandongaston/Downloads/medfax-app (4)/backend/.venv/lib/python3.11/site-packages/uvicorn/_subprocess.py", line 80, in subprocess_started
    target(sockets=sockets)
  File "/Users/brandongaston/Downloads/medfax-app (4)/backend/.venv/lib/python3.11/site-packages/uvicorn/server.py", line 65, in run
    return asyncio.run(self.serve(sockets=sockets))
           ^^^^^^^^^^^^^^^^^^^^^^^^^^^^^^^^^^^^^^^^
  File "/Library/Frameworks/Python.framework/Versions/3.11/lib/python3.11/asyncio/runners.py", line 190, in run
    return runner.run(main)
           ^^^^^^^^^^^^^^^^
  File "/Library/Frameworks/Python.framework/Versions/3.11/lib/python3.11/asyncio/runners.py", line 118, in run
    return self._loop.run_until_complete(task)
           ^^^^^^^^^^^^^^^^^^^^^^^^^^^^^^^^^^^
  File "uvloop/loop.pyx", line 1518, in uvloop.loop.Loop.run_until_complete
  File "/Users/brandongaston/Downloads/medfax-app (4)/backend/.venv/lib/python3.11/site-packages/uvicorn/server.py", line 69, in serve
    await self._serve(sockets)
  File "/Users/brandongaston/Downloads/medfax-app (4)/backend/.venv/lib/python3.11/site-packages/uvicorn/server.py", line 76, in _serve
    config.load()
  File "/Users/brandongaston/Downloads/medfax-app (4)/backend/.venv/lib/python3.11/site-packages/uvicorn/config.py", line 434, in load
    self.loaded_app = import_from_string(self.app)
                      ^^^^^^^^^^^^^^^^^^^^^^^^^^^^
  File "/Users/brandongaston/Downloads/medfax-app (4)/backend/.venv/lib/python3.11/site-packages/uvicorn/importer.py", line 19, in import_from_string
    module = importlib.import_module(module_str)
             ^^^^^^^^^^^^^^^^^^^^^^^^^^^^^^^^^^^
  File "/Library/Frameworks/Python.framework/Versions/3.11/lib/python3.11/importlib/__init__.py", line 126, in import_module
    return _bootstrap._gcd_import(name[level:], package, level)
           ^^^^^^^^^^^^^^^^^^^^^^^^^^^^^^^^^^^^^^^^^^^^^^^^^^^^
  File "<frozen importlib._bootstrap>", line 1204, in _gcd_import
  File "<frozen importlib._bootstrap>", line 1176, in _find_and_load
  File "<frozen importlib._bootstrap>", line 1147, in _find_and_load_unlocked
  File "<frozen importlib._bootstrap>", line 690, in _load_unlocked
  File "<frozen importlib._bootstrap_external>", line 940, in exec_module
  File "<frozen importlib._bootstrap>", line 241, in _call_with_frames_removed
  File "/Users/brandongaston/Downloads/medfax-app (4)/backend/app/main.py", line 11, in <module>
    from app.routers import web, portal, ifax
  File "/Users/brandongaston/Downloads/medfax-app (4)/backend/app/routers/web.py", line 1
    ===== app/routers/web.py =====
    ^^
SyntaxError: invalid syntax
[33mWARNING[0m:  WatchFiles detected changes in 'scripts/cleanup_duplicates.py'. Reloading...
Process SpawnProcess-11:
Traceback (most recent call last):
  File "/Library/Frameworks/Python.framework/Versions/3.11/lib/python3.11/multiprocessing/process.py", line 314, in _bootstrap
    self.run()
  File "/Library/Frameworks/Python.framework/Versions/3.11/lib/python3.11/multiprocessing/process.py", line 108, in run
    self._target(*self._args, **self._kwargs)
  File "/Users/brandongaston/Downloads/medfax-app (4)/backend/.venv/lib/python3.11/site-packages/uvicorn/_subprocess.py", line 80, in subprocess_started
    target(sockets=sockets)
  File "/Users/brandongaston/Downloads/medfax-app (4)/backend/.venv/lib/python3.11/site-packages/uvicorn/server.py", line 65, in run
    return asyncio.run(self.serve(sockets=sockets))
           ^^^^^^^^^^^^^^^^^^^^^^^^^^^^^^^^^^^^^^^^
  File "/Library/Frameworks/Python.framework/Versions/3.11/lib/python3.11/asyncio/runners.py", line 190, in run
    return runner.run(main)
           ^^^^^^^^^^^^^^^^
  File "/Library/Frameworks/Python.framework/Versions/3.11/lib/python3.11/asyncio/runners.py", line 118, in run
    return self._loop.run_until_complete(task)
           ^^^^^^^^^^^^^^^^^^^^^^^^^^^^^^^^^^^
  File "uvloop/loop.pyx", line 1518, in uvloop.loop.Loop.run_until_complete
  File "/Users/brandongaston/Downloads/medfax-app (4)/backend/.venv/lib/python3.11/site-packages/uvicorn/server.py", line 69, in serve
    await self._serve(sockets)
  File "/Users/brandongaston/Downloads/medfax-app (4)/backend/.venv/lib/python3.11/site-packages/uvicorn/server.py", line 76, in _serve
    config.load()
  File "/Users/brandongaston/Downloads/medfax-app (4)/backend/.venv/lib/python3.11/site-packages/uvicorn/config.py", line 434, in load
    self.loaded_app = import_from_string(self.app)
                      ^^^^^^^^^^^^^^^^^^^^^^^^^^^^
  File "/Users/brandongaston/Downloads/medfax-app (4)/backend/.venv/lib/python3.11/site-packages/uvicorn/importer.py", line 19, in import_from_string
    module = importlib.import_module(module_str)
             ^^^^^^^^^^^^^^^^^^^^^^^^^^^^^^^^^^^
  File "/Library/Frameworks/Python.framework/Versions/3.11/lib/python3.11/importlib/__init__.py", line 126, in import_module
    return _bootstrap._gcd_import(name[level:], package, level)
           ^^^^^^^^^^^^^^^^^^^^^^^^^^^^^^^^^^^^^^^^^^^^^^^^^^^^
  File "<frozen importlib._bootstrap>", line 1204, in _gcd_import
  File "<frozen importlib._bootstrap>", line 1176, in _find_and_load
  File "<frozen importlib._bootstrap>", line 1147, in _find_and_load_unlocked
  File "<frozen importlib._bootstrap>", line 690, in _load_unlocked
  File "<frozen importlib._bootstrap_external>", line 940, in exec_module
  File "<frozen importlib._bootstrap>", line 241, in _call_with_frames_removed
  File "/Users/brandongaston/Downloads/medfax-app (4)/backend/app/main.py", line 11, in <module>
    from app.routers import web, portal, ifax
  File "/Users/brandongaston/Downloads/medfax-app (4)/backend/app/routers/web.py", line 1
    ===== app/routers/web.py =====
    ^^
SyntaxError: invalid syntax
