[32mINFO[0m:     Will watch for changes in these directories: ['/Users/brandongaston/Downloads/medfax-app (4)/backend']
[32mINFO[0m:     Uvicorn running on [1mhttp://127.0.0.1:8000[0m (Press CTRL+C to quit)
[32mINFO[0m:     Started reloader process [[36m[1m6647[0m] using [36m[1mWatchFiles[0m
[32mINFO[0m:     Started server process [[36m6650[0m]
[32mINFO[0m:     Waiting for application startup.
[32mINFO[0m:     Application startup complete.
[32mINFO[0m:     127.0.0.1:50275 - "[1mGET / HTTP/1.1[0m" [32m200 OK[0m
[32mINFO[0m:     127.0.0.1:50275 - "[1mGET /register HTTP/1.1[0m" [32m200 OK[0m
[32mINFO[0m:     127.0.0.1:50277 - "[1mPOST /register HTTP/1.1[0m" [33m303 See Other[0m
[32mINFO[0m:     127.0.0.1:50277 - "[1mGET /consent/10 HTTP/1.1[0m" [32m200 OK[0m
[32mINFO[0m:     127.0.0.1:50277 - "[1mPOST /consent/10 HTTP/1.1[0m" [33m303 See Other[0m
[32mINFO[0m:     127.0.0.1:50277 - "[1mGET /providers/10 HTTP/1.1[0m" [32m200 OK[0m
[32mINFO[0m:     127.0.0.1:50285 - "[1mPOST /providers/10 HTTP/1.1[0m" [33m303 See Other[0m
[32mINFO[0m:     127.0.0.1:50285 - "[1mGET /status/4 HTTP/1.1[0m" [32m200 OK[0m
[32mINFO[0m:     127.0.0.1:50299 - "[1mGET /portal/6e81e8ea-fca4-48ce-a050-87e7557d7b60 HTTP/1.1[0m" [32m200 OK[0m
[32mINFO[0m:     127.0.0.1:50377 - "[1mGET / HTTP/1.1[0m" [32m200 OK[0m
[32mINFO[0m:     127.0.0.1:50377 - "[1mGET / HTTP/1.1[0m" [32m200 OK[0m
[32mINFO[0m:     127.0.0.1:50377 - "[1mGET /register HTTP/1.1[0m" [32m200 OK[0m
[33mWARNING[0m:  WatchFiles detected changes in 'app/routers/web.py'. Reloading...
[32mINFO[0m:     Shutting down
[32mINFO[0m:     Waiting for application shutdown.
[32mINFO[0m:     Application shutdown complete.
[32mINFO[0m:     Finished server process [[36m6650[0m]
Process SpawnProcess-2:
Traceback (most recent call last):
  File "/Library/Frameworks/Python.framework/Versions/3.11/lib/python3.11/multiprocessing/process.py", line 314, in _bootstrap
    self.run()
  File "/Library/Frameworks/Python.framework/Versions/3.11/lib/python3.11/multiprocessing/process.py", line 108, in run
    self._target(*self._args, **self._kwargs)
  File "/Users/brandongaston/Downloads/medfax-app (4)/backend/.venv/lib/python3.11/site-packages/uvicorn/_subprocess.py", line 80, in subprocess_started
    target(sockets=sockets)
  File "/Users/brandongaston/Downloads/medfax-app (4)/backend/.venv/lib/python3.11/site-packages/uvicorn/server.py", line 65, in run
    return asyncio.run(self.serve(sockets=sockets))
           ^^^^^^^^^^^^^^^^^^^^^^^^^^^^^^^^^^^^^^^^
  File "/Library/Frameworks/Python.framework/Versions/3.11/lib/python3.11/asyncio/runners.py", line 190, in run
    return runner.run(main)
           ^^^^^^^^^^^^^^^^
  File "/Library/Frameworks/Python.framework/Versions/3.11/lib/python3.11/asyncio/runners.py", line 118, in run
    return self._loop.run_until_complete(task)
           ^^^^^^^^^^^^^^^^^^^^^^^^^^^^^^^^^^^
  File "uvloop/loop.pyx", line 1518, in uvloop.loop.Loop.run_until_complete
  File "/Users/brandongaston/Downloads/medfax-app (4)/backend/.venv/lib/python3.11/site-packages/uvicorn/server.py", line 69, in serve
    await self._serve(sockets)
  File "/Users/brandongaston/Downloads/medfax-app (4)/backend/.venv/lib/python3.11/site-packages/uvicorn/server.py", line 76, in _serve
    config.load()
  File "/Users/brandongaston/Downloads/medfax-app (4)/backend/.venv/lib/python3.11/site-packages/uvicorn/config.py", line 434, in load
    self.loaded_app = import_from_string(self.app)
                      ^^^^^^^^^^^^^^^^^^^^^^^^^^^^
  File "/Users/brandongaston/Downloads/medfax-app (4)/backend/.venv/lib/python3.11/site-packages/uvicorn/importer.py", line 22, in import_from_string
    raise exc from None
  File "/Users/brandongaston/Downloads/medfax-app (4)/backend/.venv/lib/python3.11/site-packages/uvicorn/importer.py", line 19, in import_from_string
    module = importlib.import_module(module_str)
             ^^^^^^^^^^^^^^^^^^^^^^^^^^^^^^^^^^^
  File "/Library/Frameworks/Python.framework/Versions/3.11/lib/python3.11/importlib/__init__.py", line 126, in import_module
    return _bootstrap._gcd_import(name[level:], package, level)
           ^^^^^^^^^^^^^^^^^^^^^^^^^^^^^^^^^^^^^^^^^^^^^^^^^^^^
  File "<frozen importlib._bootstrap>", line 1204, in _gcd_import
  File "<frozen importlib._bootstrap>", line 1176, in _find_and_load
  File "<frozen importlib._bootstrap>", line 1147, in _find_and_load_unlocked
  File "<frozen importlib._bootstrap>", line 690, in _load_unlocked
  File "<frozen importlib._bootstrap_external>", line 940, in exec_module
  File "<frozen importlib._bootstrap>", line 241, in _call_with_frames_removed
  File "/Users/brandongaston/Downloads/medfax-app (4)/backend/app/main.py", line 11, in <module>
    from app.routers import web, portal, ifax
  File "/Users/brandongaston/Downloads/medfax-app (4)/backend/app/routers/web.py", line 24, in <module>
    from app.services.auth_service import generate_magic_link, verify_magic_link, send_magic_link_email
ModuleNotFoundError: No module named 'app.services.auth_service'
[33mWARNING[0m:  WatchFiles detected changes in 'app/main.py'. Reloading...
Process SpawnProcess-3:
Traceback (most recent call last):
  File "/Library/Frameworks/Python.framework/Versions/3.11/lib/python3.11/multiprocessing/process.py", line 314, in _bootstrap
    self.run()
  File "/Library/Frameworks/Python.framework/Versions/3.11/lib/python3.11/multiprocessing/process.py", line 108, in run
    self._target(*self._args, **self._kwargs)
  File "/Users/brandongaston/Downloads/medfax-app (4)/backend/.venv/lib/python3.11/site-packages/uvicorn/_subprocess.py", line 80, in subprocess_started
    target(sockets=sockets)
  File "/Users/brandongaston/Downloads/medfax-app (4)/backend/.venv/lib/python3.11/site-packages/uvicorn/server.py", line 65, in run
    return asyncio.run(self.serve(sockets=sockets))
           ^^^^^^^^^^^^^^^^^^^^^^^^^^^^^^^^^^^^^^^^
  File "/Library/Frameworks/Python.framework/Versions/3.11/lib/python3.11/asyncio/runners.py", line 190, in run
    return runner.run(main)
           ^^^^^^^^^^^^^^^^
  File "/Library/Frameworks/Python.framework/Versions/3.11/lib/python3.11/asyncio/runners.py", line 118, in run
    return self._loop.run_until_complete(task)
           ^^^^^^^^^^^^^^^^^^^^^^^^^^^^^^^^^^^
  File "uvloop/loop.pyx", line 1518, in uvloop.loop.Loop.run_until_complete
  File "/Users/brandongaston/Downloads/medfax-app (4)/backend/.venv/lib/python3.11/site-packages/uvicorn/server.py", line 69, in serve
    await self._serve(sockets)
  File "/Users/brandongaston/Downloads/medfax-app (4)/backend/.venv/lib/python3.11/site-packages/uvicorn/server.py", line 76, in _serve
    config.load()
  File "/Users/brandongaston/Downloads/medfax-app (4)/backend/.venv/lib/python3.11/site-packages/uvicorn/config.py", line 434, in load
    self.loaded_app = import_from_string(self.app)
                      ^^^^^^^^^^^^^^^^^^^^^^^^^^^^
  File "/Users/brandongaston/Downloads/medfax-app (4)/backend/.venv/lib/python3.11/site-packages/uvicorn/importer.py", line 22, in import_from_string
    raise exc from None
  File "/Users/brandongaston/Downloads/medfax-app (4)/backend/.venv/lib/python3.11/site-packages/uvicorn/importer.py", line 19, in import_from_string
    module = importlib.import_module(module_str)
             ^^^^^^^^^^^^^^^^^^^^^^^^^^^^^^^^^^^
  File "/Library/Frameworks/Python.framework/Versions/3.11/lib/python3.11/importlib/__init__.py", line 126, in import_module
    return _bootstrap._gcd_import(name[level:], package, level)
           ^^^^^^^^^^^^^^^^^^^^^^^^^^^^^^^^^^^^^^^^^^^^^^^^^^^^
  File "<frozen importlib._bootstrap>", line 1204, in _gcd_import
  File "<frozen importlib._bootstrap>", line 1176, in _find_and_load
  File "<frozen importlib._bootstrap>", line 1147, in _find_and_load_unlocked
  File "<frozen importlib._bootstrap>", line 690, in _load_unlocked
  File "<frozen importlib._bootstrap_external>", line 940, in exec_module
  File "<frozen importlib._bootstrap>", line 241, in _call_with_frames_removed
  File "/Users/brandongaston/Downloads/medfax-app (4)/backend/app/main.py", line 11, in <module>
    from app.routers import web, portal, ifax
  File "/Users/brandongaston/Downloads/medfax-app (4)/backend/app/routers/web.py", line 24, in <module>
    from app.services.auth_service import generate_magic_link, verify_magic_link, send_magic_link_email
ModuleNotFoundError: No module named 'app.services.auth_service'
[33mWARNING[0m:  WatchFiles detected changes in 'app/main.py'. Reloading...
Process SpawnProcess-4:
Traceback (most recent call last):
  File "/Library/Frameworks/Python.framework/Versions/3.11/lib/python3.11/multiprocessing/process.py", line 314, in _bootstrap
    self.run()
  File "/Library/Frameworks/Python.framework/Versions/3.11/lib/python3.11/multiprocessing/process.py", line 108, in run
    self._target(*self._args, **self._kwargs)
  File "/Users/brandongaston/Downloads/medfax-app (4)/backend/.venv/lib/python3.11/site-packages/uvicorn/_subprocess.py", line 80, in subprocess_started
    target(sockets=sockets)
  File "/Users/brandongaston/Downloads/medfax-app (4)/backend/.venv/lib/python3.11/site-packages/uvicorn/server.py", line 65, in run
    return asyncio.run(self.serve(sockets=sockets))
           ^^^^^^^^^^^^^^^^^^^^^^^^^^^^^^^^^^^^^^^^
  File "/Library/Frameworks/Python.framework/Versions/3.11/lib/python3.11/asyncio/runners.py", line 190, in run
    return runner.run(main)
           ^^^^^^^^^^^^^^^^
  File "/Library/Frameworks/Python.framework/Versions/3.11/lib/python3.11/asyncio/runners.py", line 118, in run
    return self._loop.run_until_complete(task)
           ^^^^^^^^^^^^^^^^^^^^^^^^^^^^^^^^^^^
  File "uvloop/loop.pyx", line 1518, in uvloop.loop.Loop.run_until_complete
  File "/Users/brandongaston/Downloads/medfax-app (4)/backend/.venv/lib/python3.11/site-packages/uvicorn/server.py", line 69, in serve
    await self._serve(sockets)
  File "/Users/brandongaston/Downloads/medfax-app (4)/backend/.venv/lib/python3.11/site-packages/uvicorn/server.py", line 76, in _serve
    config.load()
  File "/Users/brandongaston/Downloads/medfax-app (4)/backend/.venv/lib/python3.11/site-packages/uvicorn/config.py", line 434, in load
    self.loaded_app = import_from_string(self.app)
                      ^^^^^^^^^^^^^^^^^^^^^^^^^^^^
  File "/Users/brandongaston/Downloads/medfax-app (4)/backend/.venv/lib/python3.11/site-packages/uvicorn/importer.py", line 22, in import_from_string
    raise exc from None
  File "/Users/brandongaston/Downloads/medfax-app (4)/backend/.venv/lib/python3.11/site-packages/uvicorn/importer.py", line 19, in import_from_string
    module = importlib.import_module(module_str)
             ^^^^^^^^^^^^^^^^^^^^^^^^^^^^^^^^^^^
  File "/Library/Frameworks/Python.framework/Versions/3.11/lib/python3.11/importlib/__init__.py", line 126, in import_module
    return _bootstrap._gcd_import(name[level:], package, level)
           ^^^^^^^^^^^^^^^^^^^^^^^^^^^^^^^^^^^^^^^^^^^^^^^^^^^^
  File "<frozen importlib._bootstrap>", line 1204, in _gcd_import
  File "<frozen importlib._bootstrap>", line 1176, in _find_and_load
  File "<frozen importlib._bootstrap>", line 1147, in _find_and_load_unlocked
  File "<frozen importlib._bootstrap>", line 690, in _load_unlocked
  File "<frozen importlib._bootstrap_external>", line 940, in exec_module
  File "<frozen importlib._bootstrap>", line 241, in _call_with_frames_removed
  File "/Users/brandongaston/Downloads/medfax-app (4)/backend/app/main.py", line 11, in <module>
    from app.routers import web, portal, ifax
  File "/Users/brandongaston/Downloads/medfax-app (4)/backend/app/routers/web.py", line 24, in <module>
    from app.services.auth_service import generate_magic_link, verify_magic_link, send_magic_link_email
ModuleNotFoundError: No module named 'app.services.auth_service'
