[32mINFO[0m:     Will watch for changes in these directories: ['/Users/brandongaston/Library/Mobile Documents/com~apple~CloudDocs/PycharmProjects/Veritas_One_2025/backend']
[32mINFO[0m:     Uvicorn running on [1mhttp://127.0.0.1:8000[0m (Press CTRL+C to quit)
[32mINFO[0m:     Started reloader process [[36m[1m2485[0m] using [36m[1mWatchFiles[0m
[32mINFO[0m:     Started server process [[36m2488[0m]
[32mINFO[0m:     Waiting for application startup.
[32mINFO[0m:     Application startup complete.
INFO:app.routers.ifax:================================================================================
INFO:app.routers.ifax:📨 Incoming fax webhook received
INFO:app.routers.ifax:Headers: {'host': 'd00beb7641f5.ngrok.app', 'user-agent': 'curl/7.61.1', 'content-length': '301', 'accept': 'application/json', 'content-type': 'application/json', 'x-forwarded-for': '52.26.228.122', 'x-forwarded-host': 'd00beb7641f5.ngrok.app', 'x-forwarded-proto': 'https', 'accept-encoding': 'gzip'}
INFO:app.routers.ifax:Raw payload: {'direction': 'inbound', 'jobId': 9894000, 'transactionId': 12059966, 'faxCallLength': 23, 'faxCallStart': 1762927103, 'faxCallEnd': 1762927126, 'faxTotalPages': 1, 'faxReceivedPages': 1, 'faxStatus': 'received', 'success': True, 'fromNumber': '+19383364787', 'toNumber': '+16177168476', 'code': 0, 'message': 'NORMAL_CLEARING'}
INFO:app.routers.ifax:✅ Valid payload: JobID=9894000, TransactionID=12059966, From=+19383364787, Pages=1
INFO:app.routers.ifax:✅ Created FaxFile record: ID=27, JobID=9894000
INFO:app.routers.ifax:✅ Queued background processing for FaxID=27, JobID=9894000
INFO:app.routers.ifax:================================================================================
[32mINFO[0m:     52.26.228.122:0 - "[1mPOST /ifax/receive HTTP/1.1[0m" [32m200 OK[0m
INFO:app.routers.ifax:🚀 Starting background processing for FaxID=27
INFO:app.services.fax_processor.IncomingFaxProcessor:🔄 Starting fax processing: JobID=9894000, FaxID=27
INFO:app.services.fax_processor.IncomingFaxProcessor:📥 Step 1/6: Downloading fax PDF...
INFO:app.services.ifax_service:Downloading fax: jobId=9894000, transactionId=12059966
INFO:app.services.ifax_service:Fax downloaded successfully to: /Users/brandongaston/Library/Mobile Documents/com~apple~CloudDocs/PycharmProjects/Veritas_One_2025/backend/received_faxes/9894000.pdf
INFO:app.services.fax_processor.IncomingFaxProcessor:✅ Downloaded to: /Users/brandongaston/Library/Mobile Documents/com~apple~CloudDocs/PycharmProjects/Veritas_One_2025/backend/received_faxes/9894000.pdf
INFO:app.services.fax_processor.IncomingFaxProcessor:📄 Step 2/6: Extracting text via OCR...
INFO:app.utils.ocr:Starting OCR on: /Users/brandongaston/Library/Mobile Documents/com~apple~CloudDocs/PycharmProjects/Veritas_One_2025/backend/received_faxes/9894000.pdf
INFO:app.utils.ocr:Converted PDF to 1 page(s)
INFO:app.utils.ocr:OCR complete: extracted 448 total characters
INFO:app.services.fax_processor.IncomingFaxProcessor:✅ Extracted 448 characters of text
INFO:app.services.fax_processor.IncomingFaxProcessor:💾 Step 3/6: Updating fax record in database...
INFO:app.services.fax_processor.IncomingFaxProcessor:✅ Fax record updated
INFO:app.services.fax_processor.IncomingFaxProcessor:🔍 Step 4/6: Parsing patient information...
WARNING:app.utils.ocr:Could not parse DOB from text
INFO:app.utils.ocr:Parsed: first_name=MD, last_name=Gaston, dob=None
WARNING:app.services.fax_processor.IncomingFaxProcessor:Incomplete patient info parsed: first=MD, last=Gaston, dob=None
WARNING:app.services.fax_processor.IncomingFaxProcessor:⚠️ No patient match found
INFO:app.routers.ifax:✅ Background processing complete for FaxID=27: {'success': False, 'fax_id': 27, 'patient_matched': False, 'patient_id': None, 'provider_matched': False, 'provider_request_ids': [], 'request_completed': False, 'completed_request_ids': [], 'errors': ['Could not match patient from fax content']}
ERROR:app.routers.ifax:⚠️ Processing had errors: ['Could not match patient from fax content']
[33mWARNING[0m:  WatchFiles detected changes in 'app/utils/ocr.py'. Reloading...
[32mINFO[0m:     Shutting down
[32mINFO[0m:     Waiting for application shutdown.
[32mINFO[0m:     Application shutdown complete.
[32mINFO[0m:     Finished server process [[36m2488[0m]
[32mINFO[0m:     Started server process [[36m3597[0m]
[32mINFO[0m:     Waiting for application startup.
[32mINFO[0m:     Application startup complete.
[33mWARNING[0m:  WatchFiles detected changes in 'app/utils/ocr.py'. Reloading...
[32mINFO[0m:     Shutting down
[32mINFO[0m:     Waiting for application shutdown.
[32mINFO[0m:     Application shutdown complete.
[32mINFO[0m:     Finished server process [[36m3597[0m]
[32mINFO[0m:     Started server process [[36m3600[0m]
[32mINFO[0m:     Waiting for application startup.
[32mINFO[0m:     Application startup complete.
INFO:app.routers.ifax:================================================================================
INFO:app.routers.ifax:📨 Incoming fax webhook received
INFO:app.routers.ifax:Headers: {'host': 'd00beb7641f5.ngrok.app', 'user-agent': 'curl/7.61.1', 'content-length': '301', 'accept': 'application/json', 'content-type': 'application/json', 'x-forwarded-for': '52.26.228.122', 'x-forwarded-host': 'd00beb7641f5.ngrok.app', 'x-forwarded-proto': 'https', 'accept-encoding': 'gzip'}
INFO:app.routers.ifax:Raw payload: {'direction': 'inbound', 'jobId': 9895622, 'transactionId': 12061792, 'faxCallLength': 56, 'faxCallStart': 1762952904, 'faxCallEnd': 1762952960, 'faxTotalPages': 4, 'faxReceivedPages': 4, 'faxStatus': 'received', 'success': True, 'fromNumber': '+19383364787', 'toNumber': '+16177168476', 'code': 0, 'message': 'NORMAL_CLEARING'}
INFO:app.routers.ifax:✅ Valid payload: JobID=9895622, TransactionID=12061792, From=+19383364787, Pages=4
INFO:app.routers.ifax:✅ Created FaxFile record: ID=28, JobID=9895622
INFO:app.routers.ifax:✅ Queued background processing for FaxID=28, JobID=9895622
INFO:app.routers.ifax:================================================================================
[32mINFO[0m:     52.26.228.122:0 - "[1mPOST /ifax/receive HTTP/1.1[0m" [32m200 OK[0m
INFO:app.routers.ifax:🚀 Starting background processing for FaxID=28
INFO:app.services.fax_processor.IncomingFaxProcessor:🔄 Starting fax processing: JobID=9895622, FaxID=28
INFO:app.services.fax_processor.IncomingFaxProcessor:📥 Step 1/6: Downloading fax PDF...
INFO:app.services.ifax_service:Downloading fax: jobId=9895622, transactionId=12061792
INFO:app.services.ifax_service:Fax downloaded successfully to: /Users/brandongaston/Library/Mobile Documents/com~apple~CloudDocs/PycharmProjects/Veritas_One_2025/backend/received_faxes/9895622.pdf
INFO:app.services.fax_processor.IncomingFaxProcessor:✅ Downloaded to: /Users/brandongaston/Library/Mobile Documents/com~apple~CloudDocs/PycharmProjects/Veritas_One_2025/backend/received_faxes/9895622.pdf
INFO:app.services.fax_processor.IncomingFaxProcessor:📄 Step 2/6: Extracting text via OCR...
INFO:app.utils.ocr:Starting OCR on: /Users/brandongaston/Library/Mobile Documents/com~apple~CloudDocs/PycharmProjects/Veritas_One_2025/backend/received_faxes/9895622.pdf
INFO:app.utils.ocr:Converted PDF to 4 page(s)
INFO:app.utils.ocr:OCR complete: extracted 3667 total characters from 4 pages
INFO:app.services.fax_processor.IncomingFaxProcessor:✅ Extracted 3667 characters of text
INFO:app.services.fax_processor.IncomingFaxProcessor:💾 Step 3/6: Updating fax record in database...
INFO:app.services.fax_processor.IncomingFaxProcessor:✅ Fax record updated
INFO:app.services.fax_processor.IncomingFaxProcessor:🔍 Step 4/6: Parsing patient information...
INFO:app.utils.ocr:✅ Name matched with pattern 'Patient Name: First Last': John Smith
WARNING:app.utils.ocr:❌ Could not parse DOB from text (no contextual markers found)
INFO:app.utils.ocr:Parsed: first_name=John, last_name=Smith, dob=None
WARNING:app.services.fax_processor.IncomingFaxProcessor:Incomplete patient info parsed: first=John, last=Smith, dob=None
WARNING:app.services.fax_processor.IncomingFaxProcessor:⚠️ No patient match found
INFO:app.routers.ifax:✅ Background processing complete for FaxID=28: {'success': False, 'fax_id': 28, 'patient_matched': False, 'patient_id': None, 'provider_matched': False, 'provider_request_ids': [], 'request_completed': False, 'completed_request_ids': [], 'errors': ['Could not match patient from fax content']}
ERROR:app.routers.ifax:⚠️ Processing had errors: ['Could not match patient from fax content']
INFO:app.routers.ifax:================================================================================
INFO:app.routers.ifax:📨 Incoming fax webhook received
INFO:app.routers.ifax:Headers: {'host': 'd00beb7641f5.ngrok.app', 'user-agent': 'curl/7.61.1', 'content-length': '301', 'accept': 'application/json', 'content-type': 'application/json', 'x-forwarded-for': '52.26.228.122', 'x-forwarded-host': 'd00beb7641f5.ngrok.app', 'x-forwarded-proto': 'https', 'accept-encoding': 'gzip'}
INFO:app.routers.ifax:Raw payload: {'direction': 'inbound', 'jobId': 9895747, 'transactionId': 12061942, 'faxCallLength': 56, 'faxCallStart': 1762953412, 'faxCallEnd': 1762953468, 'faxTotalPages': 4, 'faxReceivedPages': 4, 'faxStatus': 'received', 'success': True, 'fromNumber': '+19383364787', 'toNumber': '+16177168476', 'code': 0, 'message': 'NORMAL_CLEARING'}
INFO:app.routers.ifax:✅ Valid payload: JobID=9895747, TransactionID=12061942, From=+19383364787, Pages=4
INFO:app.routers.ifax:✅ Created FaxFile record: ID=29, JobID=9895747
INFO:app.routers.ifax:✅ Queued background processing for FaxID=29, JobID=9895747
INFO:app.routers.ifax:================================================================================
[32mINFO[0m:     52.26.228.122:0 - "[1mPOST /ifax/receive HTTP/1.1[0m" [32m200 OK[0m
INFO:app.routers.ifax:🚀 Starting background processing for FaxID=29
INFO:app.services.fax_processor.IncomingFaxProcessor:🔄 Starting fax processing: JobID=9895747, FaxID=29
INFO:app.services.fax_processor.IncomingFaxProcessor:📥 Step 1/6: Downloading fax PDF...
INFO:app.services.ifax_service:Downloading fax: jobId=9895747, transactionId=12061942
INFO:app.services.ifax_service:Fax downloaded successfully to: /Users/brandongaston/Library/Mobile Documents/com~apple~CloudDocs/PycharmProjects/Veritas_One_2025/backend/received_faxes/9895747.pdf
INFO:app.services.fax_processor.IncomingFaxProcessor:✅ Downloaded to: /Users/brandongaston/Library/Mobile Documents/com~apple~CloudDocs/PycharmProjects/Veritas_One_2025/backend/received_faxes/9895747.pdf
INFO:app.services.fax_processor.IncomingFaxProcessor:📄 Step 2/6: Extracting text via OCR...
INFO:app.utils.ocr:Starting OCR on: /Users/brandongaston/Library/Mobile Documents/com~apple~CloudDocs/PycharmProjects/Veritas_One_2025/backend/received_faxes/9895747.pdf
INFO:app.utils.ocr:Converted PDF to 4 page(s)
INFO:app.utils.ocr:OCR complete: extracted 3665 total characters from 4 pages
INFO:app.services.fax_processor.IncomingFaxProcessor:✅ Extracted 3665 characters of text
INFO:app.services.fax_processor.IncomingFaxProcessor:💾 Step 3/6: Updating fax record in database...
INFO:app.services.fax_processor.IncomingFaxProcessor:✅ Fax record updated
INFO:app.services.fax_processor.IncomingFaxProcessor:🔍 Step 4/6: Parsing patient information...
INFO:app.utils.ocr:✅ Name matched with pattern 'Patient Name: First Last': John Smith
INFO:app.utils.ocr:✅ DOB matched with pattern 'Date of Birth: MM/DD/YYYY': 2021-01-01 (age: 4.9 years)
INFO:app.utils.ocr:Parsed: first_name=John, last_name=Smith, dob=2021-01-01
WARNING:app.services.fax_processor.IncomingFaxProcessor:No patients found with DOB: 2021-01-01
WARNING:app.services.fax_processor.IncomingFaxProcessor:⚠️ No patient match found
INFO:app.routers.ifax:✅ Background processing complete for FaxID=29: {'success': False, 'fax_id': 29, 'patient_matched': False, 'patient_id': None, 'provider_matched': False, 'provider_request_ids': [], 'request_completed': False, 'completed_request_ids': [], 'errors': ['Could not match patient from fax content']}
ERROR:app.routers.ifax:⚠️ Processing had errors: ['Could not match patient from fax content']
INFO:app.routers.ifax:================================================================================
INFO:app.routers.ifax:📨 Incoming fax webhook received
INFO:app.routers.ifax:Headers: {'host': 'd00beb7641f5.ngrok.app', 'user-agent': 'curl/7.61.1', 'content-length': '301', 'accept': 'application/json', 'content-type': 'application/json', 'x-forwarded-for': '52.26.228.122', 'x-forwarded-host': 'd00beb7641f5.ngrok.app', 'x-forwarded-proto': 'https', 'accept-encoding': 'gzip'}
INFO:app.routers.ifax:Raw payload: {'direction': 'inbound', 'jobId': 9895842, 'transactionId': 12062053, 'faxCallLength': 56, 'faxCallStart': 1762953766, 'faxCallEnd': 1762953822, 'faxTotalPages': 4, 'faxReceivedPages': 4, 'faxStatus': 'received', 'success': True, 'fromNumber': '+19383364787', 'toNumber': '+16177168476', 'code': 0, 'message': 'NORMAL_CLEARING'}
INFO:app.routers.ifax:✅ Valid payload: JobID=9895842, TransactionID=12062053, From=+19383364787, Pages=4
INFO:app.routers.ifax:✅ Created FaxFile record: ID=30, JobID=9895842
INFO:app.routers.ifax:✅ Queued background processing for FaxID=30, JobID=9895842
INFO:app.routers.ifax:================================================================================
[32mINFO[0m:     52.26.228.122:0 - "[1mPOST /ifax/receive HTTP/1.1[0m" [32m200 OK[0m
INFO:app.routers.ifax:🚀 Starting background processing for FaxID=30
INFO:app.services.fax_processor.IncomingFaxProcessor:🔄 Starting fax processing: JobID=9895842, FaxID=30
INFO:app.services.fax_processor.IncomingFaxProcessor:📥 Step 1/6: Downloading fax PDF...
INFO:app.services.ifax_service:Downloading fax: jobId=9895842, transactionId=12062053
INFO:app.services.ifax_service:Fax downloaded successfully to: /Users/brandongaston/Library/Mobile Documents/com~apple~CloudDocs/PycharmProjects/Veritas_One_2025/backend/received_faxes/9895842.pdf
INFO:app.services.fax_processor.IncomingFaxProcessor:✅ Downloaded to: /Users/brandongaston/Library/Mobile Documents/com~apple~CloudDocs/PycharmProjects/Veritas_One_2025/backend/received_faxes/9895842.pdf
INFO:app.services.fax_processor.IncomingFaxProcessor:📄 Step 2/6: Extracting text via OCR...
INFO:app.utils.ocr:Starting OCR on: /Users/brandongaston/Library/Mobile Documents/com~apple~CloudDocs/PycharmProjects/Veritas_One_2025/backend/received_faxes/9895842.pdf
INFO:app.utils.ocr:Converted PDF to 4 page(s)
INFO:app.utils.ocr:OCR complete: extracted 3665 total characters from 4 pages
INFO:app.services.fax_processor.IncomingFaxProcessor:✅ Extracted 3665 characters of text
INFO:app.services.fax_processor.IncomingFaxProcessor:💾 Step 3/6: Updating fax record in database...
INFO:app.services.fax_processor.IncomingFaxProcessor:✅ Fax record updated
INFO:app.services.fax_processor.IncomingFaxProcessor:🔍 Step 4/6: Parsing patient information...
INFO:app.utils.ocr:✅ Name matched with pattern 'Patient Name: First Last': John Smith
INFO:app.utils.ocr:✅ DOB matched with pattern 'Date of Birth: MM/DD/YYYY': 2001-01-01 (age: 24.9 years)
INFO:app.utils.ocr:Parsed: first_name=John, last_name=Smith, dob=2001-01-01
INFO:app.services.fax_processor.IncomingFaxProcessor:✅ Patient matched: ID=14, Name=John Smith, Confidence=100.00%
INFO:app.services.fax_processor.IncomingFaxProcessor:🏥 Step 5/6: Matching to provider requests...
INFO:app.services.fax_processor.IncomingFaxProcessor:✅ Fax number match: Provider Test hospital (+1-938-336-4787) = Sender (+19383364787)
INFO:app.services.fax_processor.IncomingFaxProcessor:✅ Matched to 1 provider request(s): [94]
INFO:app.services.fax_processor.IncomingFaxProcessor:📦 Step 6/6: Checking for request completion...
INFO:app.services.fax_processor.IncomingFaxProcessor:🎉 All responses received for request 8, starting aggregation...
INFO:app.services.fax_processor.IncomingFaxProcessor:Aggregating 1 fax file(s) for patient 14






INFO:app.services.fax_processor.IncomingFaxProcessor:✅ Merged 1 PDFs into: storage/patient_14_request_8_records.pdf
INFO:app.services.fax_processor.IncomingFaxProcessor:✅ Request 8 completed and compiled to: /Users/brandongaston/Library/Mobile Documents/com~apple~CloudDocs/PycharmProjects/Veritas_One_2025/backend/storage/patient_14_request_8_records.pdf
INFO:app.services.fax_processor.IncomingFaxProcessor:✅ Completed and compiled 1 request(s): [8]
INFO:app.services.fax_processor.IncomingFaxProcessor:✅ Fax processing complete: {'success': True, 'fax_id': 30, 'patient_matched': True, 'patient_id': 14, 'provider_matched': True, 'provider_request_ids': [94], 'request_completed': True, 'completed_request_ids': [8], 'errors': []}
INFO:app.routers.ifax:✅ Background processing complete for FaxID=30: {'success': True, 'fax_id': 30, 'patient_matched': True, 'patient_id': 14, 'provider_matched': True, 'provider_request_ids': [94], 'request_completed': True, 'completed_request_ids': [8], 'errors': []}
INFO:app.routers.ifax:  📋 Patient matched: ID=14
INFO:app.routers.ifax:  🏥 Provider matched: 1 request(s)
INFO:app.routers.ifax:  📦 Request(s) completed: [8]
[32mINFO[0m:     127.0.0.1:50322 - "[1mGET / HTTP/1.1[0m" [33m303 See Other[0m
[32mINFO[0m:     127.0.0.1:50323 - "[1mGET /portal/3842f649-fcc0-43ac-98fe-087392ba67ff HTTP/1.1[0m" [32m200 OK[0m
[32mINFO[0m:     127.0.0.1:50322 - "[1mGET /static/css/styles.css HTTP/1.1[0m" [33m304 Not Modified[0m
[32mINFO[0m:     127.0.0.1:50323 - "[1mGET /static/css/styles.css HTTP/1.1[0m" [33m304 Not Modified[0m
[32mINFO[0m:     127.0.0.1:50325 - "[1mGET /portal/3842f649-fcc0-43ac-98fe-087392ba67ff/download/8 HTTP/1.1[0m" [32m200 OK[0m
INFO:app.routers.ifax:================================================================================
INFO:app.routers.ifax:📨 Incoming fax webhook received
INFO:app.routers.ifax:Headers: {'host': 'd00beb7641f5.ngrok.app', 'user-agent': 'curl/7.61.1', 'content-length': '301', 'accept': 'application/json', 'content-type': 'application/json', 'x-forwarded-for': '52.26.228.122', 'x-forwarded-host': 'd00beb7641f5.ngrok.app', 'x-forwarded-proto': 'https', 'accept-encoding': 'gzip'}
INFO:app.routers.ifax:Raw payload: {'direction': 'inbound', 'jobId': 9896164, 'transactionId': 12062416, 'faxCallLength': 56, 'faxCallStart': 1762954786, 'faxCallEnd': 1762954842, 'faxTotalPages': 4, 'faxReceivedPages': 4, 'faxStatus': 'received', 'success': True, 'fromNumber': '+19383364787', 'toNumber': '+16177168476', 'code': 0, 'message': 'NORMAL_CLEARING'}
INFO:app.routers.ifax:✅ Valid payload: JobID=9896164, TransactionID=12062416, From=+19383364787, Pages=4
INFO:app.routers.ifax:✅ Created FaxFile record: ID=31, JobID=9896164
INFO:app.routers.ifax:✅ Queued background processing for FaxID=31, JobID=9896164
INFO:app.routers.ifax:================================================================================
[32mINFO[0m:     52.26.228.122:0 - "[1mPOST /ifax/receive HTTP/1.1[0m" [32m200 OK[0m
INFO:app.routers.ifax:🚀 Starting background processing for FaxID=31
INFO:app.services.fax_processor.IncomingFaxProcessor:🔄 Starting fax processing: JobID=9896164, FaxID=31
INFO:app.services.fax_processor.IncomingFaxProcessor:📥 Step 1/6: Downloading fax PDF...
INFO:app.services.ifax_service:Downloading fax: jobId=9896164, transactionId=12062416
INFO:app.services.ifax_service:Fax downloaded successfully to: /Users/brandongaston/Library/Mobile Documents/com~apple~CloudDocs/PycharmProjects/Veritas_One_2025/backend/received_faxes/9896164.pdf
INFO:app.services.fax_processor.IncomingFaxProcessor:✅ Downloaded to: /Users/brandongaston/Library/Mobile Documents/com~apple~CloudDocs/PycharmProjects/Veritas_One_2025/backend/received_faxes/9896164.pdf
INFO:app.services.fax_processor.IncomingFaxProcessor:📄 Step 2/6: Extracting text via OCR...
INFO:app.utils.ocr:Starting OCR on: /Users/brandongaston/Library/Mobile Documents/com~apple~CloudDocs/PycharmProjects/Veritas_One_2025/backend/received_faxes/9896164.pdf
INFO:app.utils.ocr:Converted PDF to 4 page(s)
INFO:app.utils.ocr:OCR complete: extracted 3623 total characters from 4 pages
INFO:app.services.fax_processor.IncomingFaxProcessor:✅ Extracted 3623 characters of text
INFO:app.services.fax_processor.IncomingFaxProcessor:💾 Step 3/6: Updating fax record in database...
INFO:app.services.fax_processor.IncomingFaxProcessor:✅ Fax record updated
INFO:app.services.fax_processor.IncomingFaxProcessor:🔍 Step 4/6: Parsing patient information...
INFO:app.utils.ocr:✅ Name matched with pattern 'Patient Name: First Last': John Smith
INFO:app.utils.ocr:✅ DOB matched with pattern 'Date of Birth: MM/DD/YYYY': 2001-01-01 (age: 24.9 years)
INFO:app.utils.ocr:Parsed: first_name=John, last_name=Smith, dob=2001-01-01
INFO:app.services.fax_processor.IncomingFaxProcessor:✅ Patient matched: ID=14, Name=John Smith, Confidence=100.00%
INFO:app.services.fax_processor.IncomingFaxProcessor:🏥 Step 5/6: Matching to provider requests...
WARNING:app.services.fax_processor.IncomingFaxProcessor:⚠️ No provider request match found for sender: +19383364787
INFO:app.services.fax_processor.IncomingFaxProcessor:📦 Step 6/6: Checking for request completion...
INFO:app.services.fax_processor.IncomingFaxProcessor:✅ Fax processing complete: {'success': True, 'fax_id': 31, 'patient_matched': True, 'patient_id': 14, 'provider_matched': False, 'provider_request_ids': [], 'request_completed': False, 'completed_request_ids': [], 'errors': []}
INFO:app.routers.ifax:✅ Background processing complete for FaxID=31: {'success': True, 'fax_id': 31, 'patient_matched': True, 'patient_id': 14, 'provider_matched': False, 'provider_request_ids': [], 'request_completed': False, 'completed_request_ids': [], 'errors': []}
INFO:app.routers.ifax:  📋 Patient matched: ID=14
[32mINFO[0m:     127.0.0.1:50458 - "[1mGET /portal/3842f649-fcc0-43ac-98fe-087392ba67ff HTTP/1.1[0m" [32m200 OK[0m
[32mINFO[0m:     127.0.0.1:50461 - "[1mGET /portal/3842f649-fcc0-43ac-98fe-087392ba67ff/download/8 HTTP/1.1[0m" [32m200 OK[0m
[32mINFO[0m:     127.0.0.1:50463 - "[1mGET /portal/3842f649-fcc0-43ac-98fe-087392ba67ff HTTP/1.1[0m" [32m200 OK[0m
[33mWARNING[0m:  WatchFiles detected changes in 'app/utils/encounter_date_parser.py'. Reloading...
[32mINFO[0m:     Shutting down
[32mINFO[0m:     Waiting for application shutdown.
[32mINFO[0m:     Application shutdown complete.
[32mINFO[0m:     Finished server process [[36m3600[0m]
[33mWARNING[0m:  WatchFiles detected changes in 'app/utils/encounter_date_parser.py'. Reloading...
[32mINFO[0m:     Started server process [[36m5792[0m]
[32mINFO[0m:     Waiting for application startup.
[32mINFO[0m:     Application startup complete.
[33mWARNING[0m:  WatchFiles detected changes in 'app/utils/encounter_date_parser.py'. Reloading...
[32mINFO[0m:     Started server process [[36m5805[0m]
[32mINFO[0m:     Waiting for application startup.
[32mINFO[0m:     Application startup complete.
[32mINFO[0m:     Started server process [[36m5806[0m]
[32mINFO[0m:     Waiting for application startup.
[33mWARNING[0m:  WatchFiles detected changes in 'app/utils/encounter_date_parser.py'. Reloading...
[32mINFO[0m:     Application startup complete.
[32mINFO[0m:     Started server process [[36m5807[0m]
[32mINFO[0m:     Waiting for application startup.
[32mINFO[0m:     Application startup complete.
[33mWARNING[0m:  WatchFiles detected changes in 'app/services/medical_records_compiler.py'. Reloading...
[32mINFO[0m:     Shutting down
[32mINFO[0m:     Waiting for application shutdown.
[32mINFO[0m:     Application shutdown complete.
[32mINFO[0m:     Finished server process [[36m5807[0m]
[33mWARNING[0m:  WatchFiles detected changes in 'app/services/medical_records_compiler.py'. Reloading...
[32mINFO[0m:     Started server process [[36m5811[0m]
[32mINFO[0m:     Waiting for application startup.
[32mINFO[0m:     Application startup complete.
[32mINFO[0m:     Started server process [[36m5818[0m]
[32mINFO[0m:     Waiting for application startup.
[32mINFO[0m:     Application startup complete.
[33mWARNING[0m:  WatchFiles detected changes in 'app/services/medical_records_compiler.py'. Reloading...
[32mINFO[0m:     Shutting down
[32mINFO[0m:     Waiting for application shutdown.
[32mINFO[0m:     Application shutdown complete.
[32mINFO[0m:     Finished server process [[36m5818[0m]
[32mINFO[0m:     Started server process [[36m5824[0m]
[32mINFO[0m:     Waiting for application startup.
[32mINFO[0m:     Application startup complete.
[33mWARNING[0m:  WatchFiles detected changes in 'app/models/fax_file.py'. Reloading...
[32mINFO[0m:     Shutting down
[32mINFO[0m:     Waiting for application shutdown.
[32mINFO[0m:     Application shutdown complete.
[32mINFO[0m:     Finished server process [[36m5824[0m]
[33mWARNING[0m:  WatchFiles detected changes in 'app/models/fax_file.py'. Reloading...
[32mINFO[0m:     Started server process [[36m5832[0m]
[32mINFO[0m:     Waiting for application startup.
[32mINFO[0m:     Application startup complete.
[32mINFO[0m:     Started server process [[36m5838[0m]
[32mINFO[0m:     Waiting for application startup.
[32mINFO[0m:     Application startup complete.
[33mWARNING[0m:  WatchFiles detected changes in 'app/models/fax_file.py'. Reloading...
[32mINFO[0m:     Shutting down
[32mINFO[0m:     Waiting for application shutdown.
[32mINFO[0m:     Application shutdown complete.
[32mINFO[0m:     Finished server process [[36m5838[0m]
[32mINFO[0m:     Started server process [[36m5839[0m]
[32mINFO[0m:     Waiting for application startup.
[32mINFO[0m:     Application startup complete.
[33mWARNING[0m:  WatchFiles detected changes in 'app/services/fax_processor.py'. Reloading...
[32mINFO[0m:     Shutting down
[32mINFO[0m:     Waiting for application shutdown.
[32mINFO[0m:     Application shutdown complete.
[32mINFO[0m:     Finished server process [[36m5839[0m]
Process SpawnProcess-14:
Traceback (most recent call last):
  File "/Library/Frameworks/Python.framework/Versions/3.11/lib/python3.11/multiprocessing/process.py", line 314, in _bootstrap
    self.run()
  File "/Library/Frameworks/Python.framework/Versions/3.11/lib/python3.11/multiprocessing/process.py", line 108, in run
    self._target(*self._args, **self._kwargs)
  File "/Users/brandongaston/Downloads/medfax-app (4)/backend/.venv/lib/python3.11/site-packages/uvicorn/_subprocess.py", line 80, in subprocess_started
    target(sockets=sockets)
  File "/Users/brandongaston/Downloads/medfax-app (4)/backend/.venv/lib/python3.11/site-packages/uvicorn/server.py", line 65, in run
    return asyncio.run(self.serve(sockets=sockets))
           ^^^^^^^^^^^^^^^^^^^^^^^^^^^^^^^^^^^^^^^^
  File "/Library/Frameworks/Python.framework/Versions/3.11/lib/python3.11/asyncio/runners.py", line 190, in run
    return runner.run(main)
           ^^^^^^^^^^^^^^^^
  File "/Library/Frameworks/Python.framework/Versions/3.11/lib/python3.11/asyncio/runners.py", line 118, in run
    return self._loop.run_until_complete(task)
           ^^^^^^^^^^^^^^^^^^^^^^^^^^^^^^^^^^^
  File "uvloop/loop.pyx", line 1518, in uvloop.loop.Loop.run_until_complete
  File "/Users/brandongaston/Downloads/medfax-app (4)/backend/.venv/lib/python3.11/site-packages/uvicorn/server.py", line 69, in serve
    await self._serve(sockets)
  File "/Users/brandongaston/Downloads/medfax-app (4)/backend/.venv/lib/python3.11/site-packages/uvicorn/server.py", line 76, in _serve
    config.load()
  File "/Users/brandongaston/Downloads/medfax-app (4)/backend/.venv/lib/python3.11/site-packages/uvicorn/config.py", line 434, in load
    self.loaded_app = import_from_string(self.app)
                      ^^^^^^^^^^^^^^^^^^^^^^^^^^^^
  File "/Users/brandongaston/Downloads/medfax-app (4)/backend/.venv/lib/python3.11/site-packages/uvicorn/importer.py", line 19, in import_from_string
    module = importlib.import_module(module_str)
             ^^^^^^^^^^^^^^^^^^^^^^^^^^^^^^^^^^^
  File "/Library/Frameworks/Python.framework/Versions/3.11/lib/python3.11/importlib/__init__.py", line 126, in import_module
    return _bootstrap._gcd_import(name[level:], package, level)
           ^^^^^^^^^^^^^^^^^^^^^^^^^^^^^^^^^^^^^^^^^^^^^^^^^^^^
  File "<frozen importlib._bootstrap>", line 1204, in _gcd_import
  File "<frozen importlib._bootstrap>", line 1176, in _find_and_load
  File "<frozen importlib._bootstrap>", line 1147, in _find_and_load_unlocked
  File "<frozen importlib._bootstrap>", line 690, in _load_unlocked
  File "<frozen importlib._bootstrap_external>", line 940, in exec_module
  File "<frozen importlib._bootstrap>", line 241, in _call_with_frames_removed
  File "/Users/brandongaston/Library/Mobile Documents/com~apple~CloudDocs/PycharmProjects/Veritas_One_2025/backend/app/main.py", line 11, in <module>
    from app.routers import web, portal, ifax
  File "/Users/brandongaston/Library/Mobile Documents/com~apple~CloudDocs/PycharmProjects/Veritas_One_2025/backend/app/routers/ifax.py", line 27, in <module>
    from app.services.fax_processor import process_incoming_fax
ImportError: cannot import name 'process_incoming_fax' from 'app.services.fax_processor' (/Users/brandongaston/Library/Mobile Documents/com~apple~CloudDocs/PycharmProjects/Veritas_One_2025/backend/app/services/fax_processor.py)
[33mWARNING[0m:  WatchFiles detected changes in 'app/services/fax_processor.py'. Reloading...
Process SpawnProcess-15:
Traceback (most recent call last):
  File "/Library/Frameworks/Python.framework/Versions/3.11/lib/python3.11/multiprocessing/process.py", line 314, in _bootstrap
    self.run()
  File "/Library/Frameworks/Python.framework/Versions/3.11/lib/python3.11/multiprocessing/process.py", line 108, in run
    self._target(*self._args, **self._kwargs)
  File "/Users/brandongaston/Downloads/medfax-app (4)/backend/.venv/lib/python3.11/site-packages/uvicorn/_subprocess.py", line 80, in subprocess_started
    target(sockets=sockets)
  File "/Users/brandongaston/Downloads/medfax-app (4)/backend/.venv/lib/python3.11/site-packages/uvicorn/server.py", line 65, in run
    return asyncio.run(self.serve(sockets=sockets))
           ^^^^^^^^^^^^^^^^^^^^^^^^^^^^^^^^^^^^^^^^
  File "/Library/Frameworks/Python.framework/Versions/3.11/lib/python3.11/asyncio/runners.py", line 190, in run
    return runner.run(main)
           ^^^^^^^^^^^^^^^^
  File "/Library/Frameworks/Python.framework/Versions/3.11/lib/python3.11/asyncio/runners.py", line 118, in run
    return self._loop.run_until_complete(task)
           ^^^^^^^^^^^^^^^^^^^^^^^^^^^^^^^^^^^
  File "uvloop/loop.pyx", line 1518, in uvloop.loop.Loop.run_until_complete
  File "/Users/brandongaston/Downloads/medfax-app (4)/backend/.venv/lib/python3.11/site-packages/uvicorn/server.py", line 69, in serve
    await self._serve(sockets)
  File "/Users/brandongaston/Downloads/medfax-app (4)/backend/.venv/lib/python3.11/site-packages/uvicorn/server.py", line 76, in _serve
    config.load()
  File "/Users/brandongaston/Downloads/medfax-app (4)/backend/.venv/lib/python3.11/site-packages/uvicorn/config.py", line 434, in load
    self.loaded_app = import_from_string(self.app)
                      ^^^^^^^^^^^^^^^^^^^^^^^^^^^^
  File "/Users/brandongaston/Downloads/medfax-app (4)/backend/.venv/lib/python3.11/site-packages/uvicorn/importer.py", line 19, in import_from_string
    module = importlib.import_module(module_str)
             ^^^^^^^^^^^^^^^^^^^^^^^^^^^^^^^^^^^
  File "/Library/Frameworks/Python.framework/Versions/3.11/lib/python3.11/importlib/__init__.py", line 126, in import_module
    return _bootstrap._gcd_import(name[level:], package, level)
           ^^^^^^^^^^^^^^^^^^^^^^^^^^^^^^^^^^^^^^^^^^^^^^^^^^^^
  File "<frozen importlib._bootstrap>", line 1204, in _gcd_import
  File "<frozen importlib._bootstrap>", line 1176, in _find_and_load
  File "<frozen importlib._bootstrap>", line 1147, in _find_and_load_unlocked
  File "<frozen importlib._bootstrap>", line 690, in _load_unlocked
  File "<frozen importlib._bootstrap_external>", line 940, in exec_module
  File "<frozen importlib._bootstrap>", line 241, in _call_with_frames_removed
  File "/Users/brandongaston/Library/Mobile Documents/com~apple~CloudDocs/PycharmProjects/Veritas_One_2025/backend/app/main.py", line 11, in <module>
    from app.routers import web, portal, ifax
  File "/Users/brandongaston/Library/Mobile Documents/com~apple~CloudDocs/PycharmProjects/Veritas_One_2025/backend/app/routers/ifax.py", line 27, in <module>
    from app.services.fax_processor import process_incoming_fax
ImportError: cannot import name 'process_incoming_fax' from 'app.services.fax_processor' (/Users/brandongaston/Library/Mobile Documents/com~apple~CloudDocs/PycharmProjects/Veritas_One_2025/backend/app/services/fax_processor.py)
[33mWARNING[0m:  WatchFiles detected changes in 'app/services/fax_processor.py'. Reloading...
Process SpawnProcess-16:
Traceback (most recent call last):
  File "/Library/Frameworks/Python.framework/Versions/3.11/lib/python3.11/multiprocessing/process.py", line 314, in _bootstrap
    self.run()
  File "/Library/Frameworks/Python.framework/Versions/3.11/lib/python3.11/multiprocessing/process.py", line 108, in run
    self._target(*self._args, **self._kwargs)
  File "/Users/brandongaston/Downloads/medfax-app (4)/backend/.venv/lib/python3.11/site-packages/uvicorn/_subprocess.py", line 80, in subprocess_started
    target(sockets=sockets)
  File "/Users/brandongaston/Downloads/medfax-app (4)/backend/.venv/lib/python3.11/site-packages/uvicorn/server.py", line 65, in run
    return asyncio.run(self.serve(sockets=sockets))
           ^^^^^^^^^^^^^^^^^^^^^^^^^^^^^^^^^^^^^^^^
  File "/Library/Frameworks/Python.framework/Versions/3.11/lib/python3.11/asyncio/runners.py", line 190, in run
    return runner.run(main)
           ^^^^^^^^^^^^^^^^
  File "/Library/Frameworks/Python.framework/Versions/3.11/lib/python3.11/asyncio/runners.py", line 118, in run
    return self._loop.run_until_complete(task)
           ^^^^^^^^^^^^^^^^^^^^^^^^^^^^^^^^^^^
  File "uvloop/loop.pyx", line 1518, in uvloop.loop.Loop.run_until_complete
  File "/Users/brandongaston/Downloads/medfax-app (4)/backend/.venv/lib/python3.11/site-packages/uvicorn/server.py", line 69, in serve
    await self._serve(sockets)
  File "/Users/brandongaston/Downloads/medfax-app (4)/backend/.venv/lib/python3.11/site-packages/uvicorn/server.py", line 76, in _serve
    config.load()
  File "/Users/brandongaston/Downloads/medfax-app (4)/backend/.venv/lib/python3.11/site-packages/uvicorn/config.py", line 434, in load
    self.loaded_app = import_from_string(self.app)
                      ^^^^^^^^^^^^^^^^^^^^^^^^^^^^
  File "/Users/brandongaston/Downloads/medfax-app (4)/backend/.venv/lib/python3.11/site-packages/uvicorn/importer.py", line 19, in import_from_string
    module = importlib.import_module(module_str)
             ^^^^^^^^^^^^^^^^^^^^^^^^^^^^^^^^^^^
  File "/Library/Frameworks/Python.framework/Versions/3.11/lib/python3.11/importlib/__init__.py", line 126, in import_module
    return _bootstrap._gcd_import(name[level:], package, level)
           ^^^^^^^^^^^^^^^^^^^^^^^^^^^^^^^^^^^^^^^^^^^^^^^^^^^^
  File "<frozen importlib._bootstrap>", line 1204, in _gcd_import
  File "<frozen importlib._bootstrap>", line 1176, in _find_and_load
  File "<frozen importlib._bootstrap>", line 1147, in _find_and_load_unlocked
  File "<frozen importlib._bootstrap>", line 690, in _load_unlocked
  File "<frozen importlib._bootstrap_external>", line 940, in exec_module
  File "<frozen importlib._bootstrap>", line 241, in _call_with_frames_removed
  File "/Users/brandongaston/Library/Mobile Documents/com~apple~CloudDocs/PycharmProjects/Veritas_One_2025/backend/app/main.py", line 11, in <module>
    from app.routers import web, portal, ifax
  File "/Users/brandongaston/Library/Mobile Documents/com~apple~CloudDocs/PycharmProjects/Veritas_One_2025/backend/app/routers/ifax.py", line 27, in <module>
    from app.services.fax_processor import process_incoming_fax
ImportError: cannot import name 'process_incoming_fax' from 'app.services.fax_processor' (/Users/brandongaston/Library/Mobile Documents/com~apple~CloudDocs/PycharmProjects/Veritas_One_2025/backend/app/services/fax_processor.py)
[33mWARNING[0m:  WatchFiles detected changes in 'app/services/fax_processor.py'. Reloading...
Process SpawnProcess-17:
Traceback (most recent call last):
  File "/Library/Frameworks/Python.framework/Versions/3.11/lib/python3.11/multiprocessing/process.py", line 314, in _bootstrap
    self.run()
  File "/Library/Frameworks/Python.framework/Versions/3.11/lib/python3.11/multiprocessing/process.py", line 108, in run
    self._target(*self._args, **self._kwargs)
  File "/Users/brandongaston/Downloads/medfax-app (4)/backend/.venv/lib/python3.11/site-packages/uvicorn/_subprocess.py", line 80, in subprocess_started
    target(sockets=sockets)
  File "/Users/brandongaston/Downloads/medfax-app (4)/backend/.venv/lib/python3.11/site-packages/uvicorn/server.py", line 65, in run
    return asyncio.run(self.serve(sockets=sockets))
           ^^^^^^^^^^^^^^^^^^^^^^^^^^^^^^^^^^^^^^^^
  File "/Library/Frameworks/Python.framework/Versions/3.11/lib/python3.11/asyncio/runners.py", line 190, in run
    return runner.run(main)
           ^^^^^^^^^^^^^^^^
  File "/Library/Frameworks/Python.framework/Versions/3.11/lib/python3.11/asyncio/runners.py", line 118, in run
    return self._loop.run_until_complete(task)
           ^^^^^^^^^^^^^^^^^^^^^^^^^^^^^^^^^^^
  File "uvloop/loop.pyx", line 1518, in uvloop.loop.Loop.run_until_complete
  File "/Users/brandongaston/Downloads/medfax-app (4)/backend/.venv/lib/python3.11/site-packages/uvicorn/server.py", line 69, in serve
    await self._serve(sockets)
  File "/Users/brandongaston/Downloads/medfax-app (4)/backend/.venv/lib/python3.11/site-packages/uvicorn/server.py", line 76, in _serve
    config.load()
  File "/Users/brandongaston/Downloads/medfax-app (4)/backend/.venv/lib/python3.11/site-packages/uvicorn/config.py", line 434, in load
    self.loaded_app = import_from_string(self.app)
                      ^^^^^^^^^^^^^^^^^^^^^^^^^^^^
  File "/Users/brandongaston/Downloads/medfax-app (4)/backend/.venv/lib/python3.11/site-packages/uvicorn/importer.py", line 19, in import_from_string
    module = importlib.import_module(module_str)
             ^^^^^^^^^^^^^^^^^^^^^^^^^^^^^^^^^^^
  File "/Library/Frameworks/Python.framework/Versions/3.11/lib/python3.11/importlib/__init__.py", line 126, in import_module
    return _bootstrap._gcd_import(name[level:], package, level)
           ^^^^^^^^^^^^^^^^^^^^^^^^^^^^^^^^^^^^^^^^^^^^^^^^^^^^
  File "<frozen importlib._bootstrap>", line 1204, in _gcd_import
  File "<frozen importlib._bootstrap>", line 1176, in _find_and_load
  File "<frozen importlib._bootstrap>", line 1147, in _find_and_load_unlocked
  File "<frozen importlib._bootstrap>", line 690, in _load_unlocked
  File "<frozen importlib._bootstrap_external>", line 940, in exec_module
  File "<frozen importlib._bootstrap>", line 241, in _call_with_frames_removed
  File "/Users/brandongaston/Library/Mobile Documents/com~apple~CloudDocs/PycharmProjects/Veritas_One_2025/backend/app/main.py", line 11, in <module>
    from app.routers import web, portal, ifax
  File "/Users/brandongaston/Library/Mobile Documents/com~apple~CloudDocs/PycharmProjects/Veritas_One_2025/backend/app/routers/ifax.py", line 27, in <module>
    from app.services.fax_processor import process_incoming_fax
ImportError: cannot import name 'process_incoming_fax' from 'app.services.fax_processor' (/Users/brandongaston/Library/Mobile Documents/com~apple~CloudDocs/PycharmProjects/Veritas_One_2025/backend/app/services/fax_processor.py)
[33mWARNING[0m:  WatchFiles detected changes in 'app/routers/portal.py'. Reloading...
Process SpawnProcess-18:
Traceback (most recent call last):
  File "/Library/Frameworks/Python.framework/Versions/3.11/lib/python3.11/multiprocessing/process.py", line 314, in _bootstrap
    self.run()
  File "/Library/Frameworks/Python.framework/Versions/3.11/lib/python3.11/multiprocessing/process.py", line 108, in run
    self._target(*self._args, **self._kwargs)
  File "/Users/brandongaston/Downloads/medfax-app (4)/backend/.venv/lib/python3.11/site-packages/uvicorn/_subprocess.py", line 80, in subprocess_started
    target(sockets=sockets)
  File "/Users/brandongaston/Downloads/medfax-app (4)/backend/.venv/lib/python3.11/site-packages/uvicorn/server.py", line 65, in run
    return asyncio.run(self.serve(sockets=sockets))
           ^^^^^^^^^^^^^^^^^^^^^^^^^^^^^^^^^^^^^^^^
  File "/Library/Frameworks/Python.framework/Versions/3.11/lib/python3.11/asyncio/runners.py", line 190, in run
    return runner.run(main)
           ^^^^^^^^^^^^^^^^
  File "/Library/Frameworks/Python.framework/Versions/3.11/lib/python3.11/asyncio/runners.py", line 118, in run
    return self._loop.run_until_complete(task)
           ^^^^^^^^^^^^^^^^^^^^^^^^^^^^^^^^^^^
  File "uvloop/loop.pyx", line 1518, in uvloop.loop.Loop.run_until_complete
  File "/Users/brandongaston/Downloads/medfax-app (4)/backend/.venv/lib/python3.11/site-packages/uvicorn/server.py", line 69, in serve
    await self._serve(sockets)
  File "/Users/brandongaston/Downloads/medfax-app (4)/backend/.venv/lib/python3.11/site-packages/uvicorn/server.py", line 76, in _serve
    config.load()
  File "/Users/brandongaston/Downloads/medfax-app (4)/backend/.venv/lib/python3.11/site-packages/uvicorn/config.py", line 434, in load
    self.loaded_app = import_from_string(self.app)
                      ^^^^^^^^^^^^^^^^^^^^^^^^^^^^
  File "/Users/brandongaston/Downloads/medfax-app (4)/backend/.venv/lib/python3.11/site-packages/uvicorn/importer.py", line 19, in import_from_string
    module = importlib.import_module(module_str)
             ^^^^^^^^^^^^^^^^^^^^^^^^^^^^^^^^^^^
  File "/Library/Frameworks/Python.framework/Versions/3.11/lib/python3.11/importlib/__init__.py", line 126, in import_module
    return _bootstrap._gcd_import(name[level:], package, level)
           ^^^^^^^^^^^^^^^^^^^^^^^^^^^^^^^^^^^^^^^^^^^^^^^^^^^^
  File "<frozen importlib._bootstrap>", line 1204, in _gcd_import
  File "<frozen importlib._bootstrap>", line 1176, in _find_and_load
  File "<frozen importlib._bootstrap>", line 1147, in _find_and_load_unlocked
  File "<frozen importlib._bootstrap>", line 690, in _load_unlocked
  File "<frozen importlib._bootstrap_external>", line 940, in exec_module
  File "<frozen importlib._bootstrap>", line 241, in _call_with_frames_removed
  File "/Users/brandongaston/Library/Mobile Documents/com~apple~CloudDocs/PycharmProjects/Veritas_One_2025/backend/app/main.py", line 11, in <module>
    from app.routers import web, portal, ifax
  File "/Users/brandongaston/Library/Mobile Documents/com~apple~CloudDocs/PycharmProjects/Veritas_One_2025/backend/app/routers/ifax.py", line 27, in <module>
    from app.services.fax_processor import process_incoming_fax
ImportError: cannot import name 'process_incoming_fax' from 'app.services.fax_processor' (/Users/brandongaston/Library/Mobile Documents/com~apple~CloudDocs/PycharmProjects/Veritas_One_2025/backend/app/services/fax_processor.py)
[33mWARNING[0m:  WatchFiles detected changes in 'app/routers/portal.py'. Reloading...
Process SpawnProcess-19:
Traceback (most recent call last):
  File "/Library/Frameworks/Python.framework/Versions/3.11/lib/python3.11/multiprocessing/process.py", line 314, in _bootstrap
    self.run()
  File "/Library/Frameworks/Python.framework/Versions/3.11/lib/python3.11/multiprocessing/process.py", line 108, in run
    self._target(*self._args, **self._kwargs)
  File "/Users/brandongaston/Downloads/medfax-app (4)/backend/.venv/lib/python3.11/site-packages/uvicorn/_subprocess.py", line 80, in subprocess_started
    target(sockets=sockets)
  File "/Users/brandongaston/Downloads/medfax-app (4)/backend/.venv/lib/python3.11/site-packages/uvicorn/server.py", line 65, in run
    return asyncio.run(self.serve(sockets=sockets))
           ^^^^^^^^^^^^^^^^^^^^^^^^^^^^^^^^^^^^^^^^
  File "/Library/Frameworks/Python.framework/Versions/3.11/lib/python3.11/asyncio/runners.py", line 190, in run
    return runner.run(main)
           ^^^^^^^^^^^^^^^^
  File "/Library/Frameworks/Python.framework/Versions/3.11/lib/python3.11/asyncio/runners.py", line 118, in run
    return self._loop.run_until_complete(task)
           ^^^^^^^^^^^^^^^^^^^^^^^^^^^^^^^^^^^
  File "uvloop/loop.pyx", line 1518, in uvloop.loop.Loop.run_until_complete
  File "/Users/brandongaston/Downloads/medfax-app (4)/backend/.venv/lib/python3.11/site-packages/uvicorn/server.py", line 69, in serve
    await self._serve(sockets)
  File "/Users/brandongaston/Downloads/medfax-app (4)/backend/.venv/lib/python3.11/site-packages/uvicorn/server.py", line 76, in _serve
    config.load()
  File "/Users/brandongaston/Downloads/medfax-app (4)/backend/.venv/lib/python3.11/site-packages/uvicorn/config.py", line 434, in load
    self.loaded_app = import_from_string(self.app)
                      ^^^^^^^^^^^^^^^^^^^^^^^^^^^^
  File "/Users/brandongaston/Downloads/medfax-app (4)/backend/.venv/lib/python3.11/site-packages/uvicorn/importer.py", line 19, in import_from_string
    module = importlib.import_module(module_str)
             ^^^^^^^^^^^^^^^^^^^^^^^^^^^^^^^^^^^
  File "/Library/Frameworks/Python.framework/Versions/3.11/lib/python3.11/importlib/__init__.py", line 126, in import_module
    return _bootstrap._gcd_import(name[level:], package, level)
           ^^^^^^^^^^^^^^^^^^^^^^^^^^^^^^^^^^^^^^^^^^^^^^^^^^^^
  File "<frozen importlib._bootstrap>", line 1204, in _gcd_import
  File "<frozen importlib._bootstrap>", line 1176, in _find_and_load
  File "<frozen importlib._bootstrap>", line 1147, in _find_and_load_unlocked
  File "<frozen importlib._bootstrap>", line 690, in _load_unlocked
  File "<frozen importlib._bootstrap_external>", line 940, in exec_module
  File "<frozen importlib._bootstrap>", line 241, in _call_with_frames_removed
  File "/Users/brandongaston/Library/Mobile Documents/com~apple~CloudDocs/PycharmProjects/Veritas_One_2025/backend/app/main.py", line 11, in <module>
    from app.routers import web, portal, ifax
  File "/Users/brandongaston/Library/Mobile Documents/com~apple~CloudDocs/PycharmProjects/Veritas_One_2025/backend/app/routers/ifax.py", line 27, in <module>
    from app.services.fax_processor import process_incoming_fax
ImportError: cannot import name 'process_incoming_fax' from 'app.services.fax_processor' (/Users/brandongaston/Library/Mobile Documents/com~apple~CloudDocs/PycharmProjects/Veritas_One_2025/backend/app/services/fax_processor.py)
